{"/Users/Charly/www/dashboard-be/server.ts":{"path":"/Users/Charly/www/dashboard-be/server.ts","statementMap":{"0":{"start":{"line":2,"column":22},"end":{"line":8,"column":3}},"1":{"start":{"line":3,"column":4},"end":{"line":3,"column":33}},"2":{"start":{"line":3,"column":26},"end":{"line":3,"column":33}},"3":{"start":{"line":4,"column":4},"end":{"line":4,"column":89}},"4":{"start":{"line":4,"column":71},"end":{"line":4,"column":83}},"5":{"start":{"line":6,"column":4},"end":{"line":6,"column":33}},"6":{"start":{"line":6,"column":26},"end":{"line":6,"column":33}},"7":{"start":{"line":7,"column":4},"end":{"line":7,"column":17}},"8":{"start":{"line":9,"column":25},"end":{"line":13,"column":2}},"9":{"start":{"line":10,"column":4},"end":{"line":10,"column":72}},"10":{"start":{"line":12,"column":4},"end":{"line":12,"column":21}},"11":{"start":{"line":14,"column":19},"end":{"line":20,"column":1}},"12":{"start":{"line":15,"column":4},"end":{"line":15,"column":42}},"13":{"start":{"line":15,"column":31},"end":{"line":15,"column":42}},"14":{"start":{"line":16,"column":17},"end":{"line":16,"column":19}},"15":{"start":{"line":17,"column":4},"end":{"line":17,"column":131}},"16":{"start":{"line":17,"column":21},"end":{"line":17,"column":131}},"17":{"start":{"line":17,"column":40},"end":{"line":17,"column":131}},"18":{"start":{"line":17,"column":99},"end":{"line":17,"column":131}},"19":{"start":{"line":18,"column":4},"end":{"line":18,"column":36}},"20":{"start":{"line":19,"column":4},"end":{"line":19,"column":18}},"21":{"start":{"line":21,"column":22},"end":{"line":23,"column":1}},"22":{"start":{"line":22,"column":4},"end":{"line":22,"column":62}},"23":{"start":{"line":24,"column":0},"end":{"line":24,"column":62}},"24":{"start":{"line":25,"column":0},"end":{"line":25,"column":25}},"25":{"start":{"line":26,"column":11},"end":{"line":26,"column":40}},"26":{"start":{"line":27,"column":12},"end":{"line":27,"column":45}},"27":{"start":{"line":28,"column":20},"end":{"line":28,"column":72}},"28":{"start":{"line":29,"column":20},"end":{"line":29,"column":71}},"29":{"start":{"line":30,"column":0},"end":{"line":30,"column":24}},"30":{"start":{"line":38,"column":10},"end":{"line":38,"column":56}},"31":{"start":{"line":39,"column":13},"end":{"line":39,"column":39}},"32":{"start":{"line":40,"column":0},"end":{"line":42,"column":3}},"33":{"start":{"line":41,"column":4},"end":{"line":41,"column":81}},"34":{"start":{"line":43,"column":0},"end":{"line":43,"column":25}}},"fnMap":{"0":{"name":"(anonymous_0)","decl":{"start":{"line":2,"column":74},"end":{"line":2,"column":75}},"loc":{"start":{"line":2,"column":96},"end":{"line":5,"column":1}},"line":2},"1":{"name":"(anonymous_1)","decl":{"start":{"line":4,"column":58},"end":{"line":4,"column":59}},"loc":{"start":{"line":4,"column":69},"end":{"line":4,"column":85}},"line":4},"2":{"name":"(anonymous_2)","decl":{"start":{"line":5,"column":6},"end":{"line":5,"column":7}},"loc":{"start":{"line":5,"column":28},"end":{"line":8,"column":1}},"line":5},"3":{"name":"(anonymous_3)","decl":{"start":{"line":9,"column":80},"end":{"line":9,"column":81}},"loc":{"start":{"line":9,"column":95},"end":{"line":11,"column":1}},"line":9},"4":{"name":"(anonymous_4)","decl":{"start":{"line":11,"column":5},"end":{"line":11,"column":6}},"loc":{"start":{"line":11,"column":20},"end":{"line":13,"column":1}},"line":11},"5":{"name":"(anonymous_5)","decl":{"start":{"line":14,"column":50},"end":{"line":14,"column":51}},"loc":{"start":{"line":14,"column":65},"end":{"line":20,"column":1}},"line":14},"6":{"name":"(anonymous_6)","decl":{"start":{"line":21,"column":56},"end":{"line":21,"column":57}},"loc":{"start":{"line":21,"column":71},"end":{"line":23,"column":1}},"line":21},"7":{"name":"(anonymous_7)","decl":{"start":{"line":40,"column":32},"end":{"line":40,"column":33}},"loc":{"start":{"line":40,"column":44},"end":{"line":42,"column":1}},"line":40}},"branchMap":{"0":{"loc":{"start":{"line":2,"column":22},"end":{"line":8,"column":3}},"type":"binary-expr","locations":[{"start":{"line":2,"column":23},"end":{"line":2,"column":27}},{"start":{"line":2,"column":31},"end":{"line":2,"column":51}},{"start":{"line":2,"column":57},"end":{"line":8,"column":2}}],"line":2},"1":{"loc":{"start":{"line":2,"column":57},"end":{"line":8,"column":2}},"type":"cond-expr","locations":[{"start":{"line":2,"column":74},"end":{"line":5,"column":1}},{"start":{"line":5,"column":6},"end":{"line":8,"column":1}}],"line":2},"2":{"loc":{"start":{"line":3,"column":4},"end":{"line":3,"column":33}},"type":"if","locations":[{"start":{"line":3,"column":4},"end":{"line":3,"column":33}},{"start":{"line":3,"column":4},"end":{"line":3,"column":33}}],"line":3},"3":{"loc":{"start":{"line":6,"column":4},"end":{"line":6,"column":33}},"type":"if","locations":[{"start":{"line":6,"column":4},"end":{"line":6,"column":33}},{"start":{"line":6,"column":4},"end":{"line":6,"column":33}}],"line":6},"4":{"loc":{"start":{"line":9,"column":25},"end":{"line":13,"column":2}},"type":"binary-expr","locations":[{"start":{"line":9,"column":26},"end":{"line":9,"column":30}},{"start":{"line":9,"column":34},"end":{"line":9,"column":57}},{"start":{"line":9,"column":63},"end":{"line":13,"column":1}}],"line":9},"5":{"loc":{"start":{"line":9,"column":63},"end":{"line":13,"column":1}},"type":"cond-expr","locations":[{"start":{"line":9,"column":80},"end":{"line":11,"column":1}},{"start":{"line":11,"column":5},"end":{"line":13,"column":1}}],"line":9},"6":{"loc":{"start":{"line":14,"column":19},"end":{"line":20,"column":1}},"type":"binary-expr","locations":[{"start":{"line":14,"column":20},"end":{"line":14,"column":24}},{"start":{"line":14,"column":28},"end":{"line":14,"column":45}},{"start":{"line":14,"column":50},"end":{"line":20,"column":1}}],"line":14},"7":{"loc":{"start":{"line":15,"column":4},"end":{"line":15,"column":42}},"type":"if","locations":[{"start":{"line":15,"column":4},"end":{"line":15,"column":42}},{"start":{"line":15,"column":4},"end":{"line":15,"column":42}}],"line":15},"8":{"loc":{"start":{"line":15,"column":8},"end":{"line":15,"column":29}},"type":"binary-expr","locations":[{"start":{"line":15,"column":8},"end":{"line":15,"column":11}},{"start":{"line":15,"column":15},"end":{"line":15,"column":29}}],"line":15},"9":{"loc":{"start":{"line":17,"column":4},"end":{"line":17,"column":131}},"type":"if","locations":[{"start":{"line":17,"column":4},"end":{"line":17,"column":131}},{"start":{"line":17,"column":4},"end":{"line":17,"column":131}}],"line":17},"10":{"loc":{"start":{"line":17,"column":40},"end":{"line":17,"column":131}},"type":"if","locations":[{"start":{"line":17,"column":40},"end":{"line":17,"column":131}},{"start":{"line":17,"column":40},"end":{"line":17,"column":131}}],"line":17},"11":{"loc":{"start":{"line":17,"column":44},"end":{"line":17,"column":97}},"type":"binary-expr","locations":[{"start":{"line":17,"column":44},"end":{"line":17,"column":59}},{"start":{"line":17,"column":63},"end":{"line":17,"column":97}}],"line":17},"12":{"loc":{"start":{"line":21,"column":22},"end":{"line":23,"column":1}},"type":"binary-expr","locations":[{"start":{"line":21,"column":23},"end":{"line":21,"column":27}},{"start":{"line":21,"column":31},"end":{"line":21,"column":51}},{"start":{"line":21,"column":56},"end":{"line":23,"column":1}}],"line":21},"13":{"loc":{"start":{"line":22,"column":11},"end":{"line":22,"column":61}},"type":"cond-expr","locations":[{"start":{"line":22,"column":37},"end":{"line":22,"column":40}},{"start":{"line":22,"column":43},"end":{"line":22,"column":61}}],"line":22},"14":{"loc":{"start":{"line":22,"column":12},"end":{"line":22,"column":33}},"type":"binary-expr","locations":[{"start":{"line":22,"column":12},"end":{"line":22,"column":15}},{"start":{"line":22,"column":19},"end":{"line":22,"column":33}}],"line":22}},"s":{"0":1,"1":14,"2":14,"3":14,"4":1,"5":0,"6":0,"7":0,"8":1,"9":1,"10":0,"11":1,"12":1,"13":0,"14":1,"15":1,"16":1,"17":14,"18":14,"19":1,"20":1,"21":1,"22":3,"23":1,"24":1,"25":1,"26":1,"27":1,"28":1,"29":1,"30":1,"31":1,"32":1,"33":1,"34":1},"f":{"0":14,"1":1,"2":0,"3":1,"4":0,"5":1,"6":3,"7":1},"b":{"0":[1,1,1],"1":[1,0],"2":[14,0],"3":[0,0],"4":[1,1,1],"5":[1,0],"6":[1,1,1],"7":[0,1],"8":[1,1],"9":[1,0],"10":[14,0],"11":[14,14],"12":[1,1,1],"13":[3,0],"14":[3,3]},"inputSourceMap":{"version":3,"file":"/Users/Charly/www/dashboard-be/server.ts","sources":["/Users/Charly/www/dashboard-be/server.ts"],"names":[],"mappings":";;;;;;;;;;;;;;;;;;;;;;;;AAAA,yBAAuB;AACvB,yCAA6B;AAC7B,8CAAwB;AACxB,yEAAmD;AACnD,wEAAkD;AAElD,qBAAW,EAAE,CAAC;AAEd;;;;;;GAMG;AACH,IAAM,GAAG,GAAG,IAAI,aAAG,CAAC,qBAAW,EAAE,IAAI,CAAC,CAAC;AAEvC,IAAM,MAAM,GAAG,IAAI,CAAC,YAAY,CAAC,GAAG,CAAC,GAAG,CAAC,CAAC;AAE1C,MAAM,CAAC,MAAM,CAAC,OAAO,CAAC,GAAG,CAAC,IAAI,EAAE;IAC/B,OAAO,CAAC,GAAG,CAAC,+CAA6C,OAAO,CAAC,GAAG,CAAC,IAAM,CAAC,CAAC;AAC9E,CAAC,CAAC,CAAC;AAEH,kBAAe,MAAM,CAAC","sourcesContent":["import 'dotenv/config';\nimport * as http from 'http';\nimport App from './app';\nimport controllers from './src/config/controllers';\nimport validateEnv from './src/utils/validateEnv';\n\nvalidateEnv();\n\n/**\n * TODO\n * CSRF\n * Rate Limit\n * Timeout server\n *\n */\nconst app = new App(controllers, 4000);\n\nconst server = http.createServer(app.app);\n\nserver.listen(process.env.PORT, () => {\n\tconsole.log(`Node server listening on http://localhost:${process.env.PORT}`);\n});\n\nexport default server;\n"]},"_coverageSchema":"1a1c01bbd47fc00a2c39e90264f33305004495a9","hash":"ac9f9491873221a7b238d9438f2e855361dec39d","contentHash":"72a32ec3a74ca2e7536614106e19f4a744141088aab05af102db94f2f70f9180"},"/Users/Charly/www/dashboard-be/app.ts":{"path":"/Users/Charly/www/dashboard-be/app.ts","statementMap":{"0":{"start":{"line":2,"column":22},"end":{"line":4,"column":1}},"1":{"start":{"line":3,"column":4},"end":{"line":3,"column":62}},"2":{"start":{"line":5,"column":0},"end":{"line":5,"column":62}},"3":{"start":{"line":6,"column":20},"end":{"line":6,"column":42}},"4":{"start":{"line":7,"column":20},"end":{"line":7,"column":59}},"5":{"start":{"line":8,"column":22},"end":{"line":8,"column":63}},"6":{"start":{"line":9,"column":13},"end":{"line":9,"column":45}},"7":{"start":{"line":10,"column":16},"end":{"line":10,"column":51}},"8":{"start":{"line":11,"column":15},"end":{"line":11,"column":49}},"9":{"start":{"line":12,"column":13},"end":{"line":12,"column":28}},"10":{"start":{"line":13,"column":19},"end":{"line":13,"column":52}},"11":{"start":{"line":14,"column":17},"end":{"line":14,"column":66}},"12":{"start":{"line":15,"column":13},"end":{"line":15,"column":44}},"13":{"start":{"line":16,"column":25},"end":{"line":16,"column":87}},"14":{"start":{"line":17,"column":26},"end":{"line":17,"column":89}},"15":{"start":{"line":18,"column":16},"end":{"line":18,"column":45}},"16":{"start":{"line":19,"column":24},"end":{"line":19,"column":58}},"17":{"start":{"line":20,"column":25},"end":{"line":83,"column":3}},"18":{"start":{"line":22,"column":8},"end":{"line":22,"column":58}},"19":{"start":{"line":22,"column":37},"end":{"line":22,"column":56}},"20":{"start":{"line":23,"column":8},"end":{"line":23,"column":39}},"21":{"start":{"line":24,"column":8},"end":{"line":24,"column":25}},"22":{"start":{"line":25,"column":8},"end":{"line":25,"column":37}},"23":{"start":{"line":26,"column":8},"end":{"line":26,"column":37}},"24":{"start":{"line":27,"column":8},"end":{"line":27,"column":48}},"25":{"start":{"line":28,"column":8},"end":{"line":28,"column":32}},"26":{"start":{"line":29,"column":8},"end":{"line":29,"column":39}},"27":{"start":{"line":30,"column":8},"end":{"line":30,"column":42}},"28":{"start":{"line":32,"column":4},"end":{"line":36,"column":6}},"29":{"start":{"line":33,"column":8},"end":{"line":35,"column":11}},"30":{"start":{"line":34,"column":12},"end":{"line":34,"column":73}},"31":{"start":{"line":37,"column":4},"end":{"line":48,"column":6}},"32":{"start":{"line":38,"column":8},"end":{"line":38,"column":41}},"33":{"start":{"line":39,"column":8},"end":{"line":39,"column":57}},"34":{"start":{"line":40,"column":8},"end":{"line":40,"column":46}},"35":{"start":{"line":41,"column":8},"end":{"line":41,"column":60}},"36":{"start":{"line":42,"column":8},"end":{"line":42,"column":67}},"37":{"start":{"line":43,"column":8},"end":{"line":43,"column":42}},"38":{"start":{"line":44,"column":8},"end":{"line":44,"column":48}},"39":{"start":{"line":46,"column":8},"end":{"line":46,"column":50}},"40":{"start":{"line":47,"column":8},"end":{"line":47,"column":54}},"41":{"start":{"line":49,"column":4},"end":{"line":51,"column":6}},"42":{"start":{"line":50,"column":8},"end":{"line":50,"column":49}},"43":{"start":{"line":52,"column":4},"end":{"line":60,"column":6}},"44":{"start":{"line":53,"column":20},"end":{"line":53,"column":24}},"45":{"start":{"line":54,"column":8},"end":{"line":56,"column":11}},"46":{"start":{"line":55,"column":12},"end":{"line":55,"column":42}},"47":{"start":{"line":57,"column":8},"end":{"line":59,"column":11}},"48":{"start":{"line":58,"column":12},"end":{"line":58,"column":56}},"49":{"start":{"line":61,"column":4},"end":{"line":81,"column":6}},"50":{"start":{"line":62,"column":20},"end":{"line":62,"column":24}},"51":{"start":{"line":63,"column":8},"end":{"line":63,"column":44}},"52":{"start":{"line":64,"column":8},"end":{"line":64,"column":73}},"53":{"start":{"line":65,"column":8},"end":{"line":67,"column":9}},"54":{"start":{"line":66,"column":12},"end":{"line":66,"column":63}},"55":{"start":{"line":69,"column":8},"end":{"line":71,"column":12}},"56":{"start":{"line":73,"column":8},"end":{"line":80,"column":11}},"57":{"start":{"line":74,"column":12},"end":{"line":79,"column":13}},"58":{"start":{"line":75,"column":16},"end":{"line":75,"column":50}},"59":{"start":{"line":78,"column":16},"end":{"line":78,"column":56}},"60":{"start":{"line":82,"column":4},"end":{"line":82,"column":15}},"61":{"start":{"line":84,"column":0},"end":{"line":84,"column":22}}},"fnMap":{"0":{"name":"(anonymous_0)","decl":{"start":{"line":2,"column":56},"end":{"line":2,"column":57}},"loc":{"start":{"line":2,"column":71},"end":{"line":4,"column":1}},"line":2},"1":{"name":"(anonymous_1)","decl":{"start":{"line":20,"column":25},"end":{"line":20,"column":26}},"loc":{"start":{"line":20,"column":37},"end":{"line":83,"column":1}},"line":20},"2":{"name":"App","decl":{"start":{"line":21,"column":13},"end":{"line":21,"column":16}},"loc":{"start":{"line":21,"column":48},"end":{"line":31,"column":5}},"line":21},"3":{"name":"(anonymous_3)","decl":{"start":{"line":32,"column":27},"end":{"line":32,"column":28}},"loc":{"start":{"line":32,"column":39},"end":{"line":36,"column":5}},"line":32},"4":{"name":"(anonymous_4)","decl":{"start":{"line":33,"column":35},"end":{"line":33,"column":36}},"loc":{"start":{"line":33,"column":47},"end":{"line":35,"column":9}},"line":33},"5":{"name":"(anonymous_5)","decl":{"start":{"line":37,"column":42},"end":{"line":37,"column":43}},"loc":{"start":{"line":37,"column":54},"end":{"line":48,"column":5}},"line":37},"6":{"name":"(anonymous_6)","decl":{"start":{"line":49,"column":44},"end":{"line":49,"column":45}},"loc":{"start":{"line":49,"column":56},"end":{"line":51,"column":5}},"line":49},"7":{"name":"(anonymous_7)","decl":{"start":{"line":52,"column":42},"end":{"line":52,"column":43}},"loc":{"start":{"line":52,"column":65},"end":{"line":60,"column":5}},"line":52},"8":{"name":"(anonymous_8)","decl":{"start":{"line":54,"column":32},"end":{"line":54,"column":33}},"loc":{"start":{"line":54,"column":57},"end":{"line":56,"column":9}},"line":54},"9":{"name":"(anonymous_9)","decl":{"start":{"line":57,"column":28},"end":{"line":57,"column":29}},"loc":{"start":{"line":57,"column":50},"end":{"line":59,"column":9}},"line":57},"10":{"name":"(anonymous_10)","decl":{"start":{"line":61,"column":37},"end":{"line":61,"column":38}},"loc":{"start":{"line":61,"column":49},"end":{"line":81,"column":5}},"line":61},"11":{"name":"(anonymous_11)","decl":{"start":{"line":73,"column":37},"end":{"line":73,"column":38}},"loc":{"start":{"line":73,"column":57},"end":{"line":80,"column":9}},"line":73}},"branchMap":{"0":{"loc":{"start":{"line":2,"column":22},"end":{"line":4,"column":1}},"type":"binary-expr","locations":[{"start":{"line":2,"column":23},"end":{"line":2,"column":27}},{"start":{"line":2,"column":31},"end":{"line":2,"column":51}},{"start":{"line":2,"column":56},"end":{"line":4,"column":1}}],"line":2},"1":{"loc":{"start":{"line":3,"column":11},"end":{"line":3,"column":61}},"type":"cond-expr","locations":[{"start":{"line":3,"column":37},"end":{"line":3,"column":40}},{"start":{"line":3,"column":43},"end":{"line":3,"column":61}}],"line":3},"2":{"loc":{"start":{"line":3,"column":12},"end":{"line":3,"column":33}},"type":"binary-expr","locations":[{"start":{"line":3,"column":12},"end":{"line":3,"column":15}},{"start":{"line":3,"column":19},"end":{"line":3,"column":33}}],"line":3},"3":{"loc":{"start":{"line":22,"column":8},"end":{"line":22,"column":58}},"type":"if","locations":[{"start":{"line":22,"column":8},"end":{"line":22,"column":58}},{"start":{"line":22,"column":8},"end":{"line":22,"column":58}}],"line":22},"4":{"loc":{"start":{"line":65,"column":8},"end":{"line":67,"column":9}},"type":"if","locations":[{"start":{"line":65,"column":8},"end":{"line":67,"column":9}},{"start":{"line":65,"column":8},"end":{"line":67,"column":9}}],"line":65},"5":{"loc":{"start":{"line":74,"column":12},"end":{"line":79,"column":13}},"type":"if","locations":[{"start":{"line":74,"column":12},"end":{"line":79,"column":13}},{"start":{"line":74,"column":12},"end":{"line":79,"column":13}}],"line":74}},"s":{"0":1,"1":8,"2":1,"3":1,"4":1,"5":1,"6":1,"7":1,"8":1,"9":1,"10":1,"11":1,"12":1,"13":1,"14":1,"15":1,"16":1,"17":1,"18":1,"19":1,"20":1,"21":1,"22":1,"23":1,"24":1,"25":1,"26":1,"27":1,"28":1,"29":0,"30":0,"31":1,"32":1,"33":1,"34":1,"35":1,"36":1,"37":1,"38":1,"39":1,"40":1,"41":1,"42":1,"43":1,"44":1,"45":1,"46":1,"47":1,"48":2,"49":1,"50":1,"51":1,"52":1,"53":1,"54":1,"55":1,"56":1,"57":0,"58":0,"59":0,"60":1,"61":1},"f":{"0":8,"1":1,"2":1,"3":0,"4":0,"5":1,"6":1,"7":1,"8":1,"9":2,"10":1,"11":0},"b":{"0":[1,1,1],"1":[3,5],"2":[8,8],"3":[1,0],"4":[1,0],"5":[0,0]},"inputSourceMap":{"version":3,"file":"/Users/Charly/www/dashboard-be/app.ts","sources":["/Users/Charly/www/dashboard-be/app.ts"],"names":[],"mappings":";;;;;AAAA,2CAA+C;AAC/C,4DAAsC;AACtC,gEAAyC;AACzC,8CAAwB;AACxB,oDAA8B;AAE9B,kDAA4B;AAC5B,6BAA4B;AAC5B,qDAAoD;AACpD,mEAA6C;AAC7C,6CAAmD;AACnD,wFAAiE;AACjE,0FAAmE;AAGnE,IAAM,SAAS,GAAG,OAAO,CAAC,oBAAoB,CAAC,CAAC;AAEhD,IAAM,iBAAiB,GAAG,WAAI,CAAC,OAAO,CAAC,GAAG,EAAE,EAAE,MAAM,CAAC,CAAC;AAEtD;IAKC,aAAY,WAAyB,EAAE,IAAY,EAAE,UAAkB;QAAlB,2BAAA,EAAA,kBAAkB;QACtE,IAAI,CAAC,GAAG,GAAG,iBAAO,EAAE,CAAC;QACrB,IAAI,CAAC,IAAI,GAAG,IAAI,CAAC;QACjB,IAAI,CAAC,UAAU,GAAG,UAAU,CAAC;QAE7B,IAAI,CAAC,qBAAqB,EAAE,CAAC;QAC7B,IAAI,CAAC,qBAAqB,CAAC,WAAW,CAAC,CAAC;QACxC,IAAI,CAAC,gBAAgB,EAAE,CAAC;QACxB,IAAI,CAAC,uBAAuB,EAAE,CAAC;QAC/B,uBAAU,CAAC,IAAI,CAAC,GAAG,CAAC,CAAC;IACtB,CAAC;IAEM,oBAAM,GAAb;QACC,IAAI,CAAC,GAAG,CAAC,MAAM,CAAC,IAAI,CAAC,IAAI,EAAE;YAC1B,OAAO,CAAC,GAAG,CAAC,+BAA6B,OAAO,CAAC,GAAG,CAAC,IAAM,CAAC,CAAC;QAC9D,CAAC,CAAC,CAAC;IACJ,CAAC;IAEO,mCAAqB,GAA7B;QAEC,IAAI,CAAC,GAAG,CAAC,GAAG,CAAC,gBAAM,EAAE,CAAC,CAAC;QACvB,IAAI,CAAC,GAAG,CAAC,GAAG,CAAC,cAAI,CAAC,kBAAW,CAAC,CAAC,CAAC;QAChC,IAAI,CAAC,GAAG,CAAC,GAAG,CAAC,qBAAW,EAAE,CAAC,CAAC;QAC5B,IAAI,CAAC,GAAG,CAAC,GAAG,CAAC,kBAAI,CAAC,EAAE,KAAK,EAAE,MAAM,EAAE,CAAC,CAAC,CAAC;QACtC,IAAI,CAAC,GAAG,CAAC,GAAG,CAAC,wBAAU,CAAC,EAAE,QAAQ,EAAE,IAAI,EAAE,CAAC,CAAC,CAAC;QAC7C,IAAI,CAAC,GAAG,CAAC,GAAG,CAAC,aAAa,EAAE,IAAI,CAAC,CAAC;QAClC,IAAI,CAAC,GAAG,CAAC,GAAG,CAAC,uBAAY,EAAE,CAAC,CAAC;QAE7B,2BAA2B;QAE3B,IAAI,CAAC,GAAG,CAAC,GAAG,CAAC,2BAAgB,CAAC,CAAC;QAC/B,IAAI,CAAC,GAAG,CAAC,GAAG,CAAC,kBAAQ,CAAC,UAAU,EAAE,CAAC,CAAC;IAErC,CAAC;IAEO,qCAAuB,GAA/B;QACC,IAAI,CAAC,GAAG,CAAC,GAAG,CAAC,0BAAe,CAAC,CAAC;IAC/B,CAAC;IAEO,mCAAqB,GAA7B,UAA8B,WAAyB;QAAvD,iBAQC;QAPA,IAAI,CAAC,GAAG,CAAC,GAAG,CAAC,SAAS,EAAE,UAAC,GAAG,EAAE,QAAQ;YACrC,QAAQ,CAAC,IAAI,CAAC,cAAc,CAAC,CAAC;QAC/B,CAAC,CAAC,CAAC;QAEH,WAAW,CAAC,OAAO,CAAC,UAAC,UAAU;YAC9B,KAAI,CAAC,GAAG,CAAC,GAAG,CAAC,SAAS,EAAE,UAAU,CAAC,MAAM,CAAC,CAAC;QAC5C,CAAC,CAAC,CAAC;IACJ,CAAC;IAEO,8BAAgB,GAAxB;QAAA,iBAwBC;QAvBA,IAAI,CAAC,GAAG,CAAC,GAAG,CAAC,aAAa,EAAE,MAAM,CAAC,CAAC;QACpC,IAAI,CAAC,GAAG,CAAC,GAAG,CAAC,OAAO,EAAE,WAAI,CAAC,iBAAiB,EAAE,SAAS,CAAC,CAAC,CAAC;QAE1D,IAAI,CAAC,IAAI,CAAC,UAAU,EAAE;YACrB,IAAI,CAAC,GAAG,CAAC,MAAM,CAAC,MAAM,EAAE,OAAO,CAAC,KAAK,CAAC,CAAC,UAAU,CAAC,CAAC;SACnD;QAED,oCAAoC;QACpC,IAAI,CAAC,GAAG,CAAC,GAAG,CACX,KAAK,EACL,iBAAO,CAAC,MAAM,CAAC,WAAI,CAAC,iBAAiB,EAAE,SAAS,CAAC,EAAE;YAClD,MAAM,EAAE,IAAI;SACZ,CAAC,CACF,CAAC;QAEF,8CAA8C;QAC9C,IAAI,CAAC,GAAG,CAAC,GAAG,CAAC,cAAc,EAAE,UAAC,GAAG,EAAE,GAAG;YACrC,IAAI,KAAI,CAAC,UAAU,EAAE;gBACpB,GAAG,CAAC,MAAM,CAAC,OAAO,EAAE,EAAE,GAAG,KAAA,EAAE,CAAC,CAAC;aAC7B;iBAAM;gBACN,GAAG,CAAC,IAAI,CAAC,EAAE,QAAQ,EAAE,eAAe,EAAE,CAAC,CAAC;aACxC;QACF,CAAC,CAAC,CAAC;IACJ,CAAC;IAEF,UAAC;AAAD,CAAC,AAhFD,IAgFC;AAED,kBAAe,GAAG,CAAC","sourcesContent":["import { json, urlencoded } from 'body-parser';\nimport compression from 'compression';\nimport cookieParser from 'cookie-parser';\nimport cors from 'cors';\nimport express from 'express';\nimport session from 'express-session';\nimport helmet from 'helmet';\nimport { join } from 'path';\nimport { listRoutes } from './src/utils/listRoutes';\nimport passport from './src/config/passport';\nimport { corsOptions } from './src/constants/cors';\nimport errorMiddleware from './src/middlewares/error.middleware';\nimport loggerMiddleware from './src/middlewares/logger.middleware';\nimport Controller from './src/types/controller';\n\nconst rateLimit = require('express-rate-limit');\n\nconst PRODUCTION_FOLDER = join(process.cwd(), 'dist');\n\nclass App {\n\tpublic app: express.Application;\n\tpublic port: number;\n\tprivate readonly production: boolean;\n\n\tconstructor(controllers: Controller[], port: number, production = false) {\n\t\tthis.app = express();\n\t\tthis.port = port;\n\t\tthis.production = production;\n\n\t\tthis.initializeMiddlewares();\n\t\tthis.initializeControllers(controllers);\n\t\tthis.initializeEngine();\n\t\tthis.initializeErrorHandling();\n\t\tlistRoutes(this.app);\n\t}\n\n\tpublic listen() {\n\t\tthis.app.listen(this.port, () => {\n\t\t\tconsole.log(`App listening on the port ${process.env.PORT}`);\n\t\t});\n\t}\n\n\tprivate initializeMiddlewares() {\n\n\t\tthis.app.use(helmet());\n\t\tthis.app.use(cors(corsOptions));\n\t\tthis.app.use(compression());\n\t\tthis.app.use(json({ limit: '20mb' }));\n\t\tthis.app.use(urlencoded({ extended: true }));\n\t\tthis.app.set('trust proxy', true);\n\t\tthis.app.use(cookieParser());\n\n\t\t// this.setupRateLimiter();\n\n\t\tthis.app.use(loggerMiddleware);\n\t\tthis.app.use(passport.initialize());\n\n\t}\n\n\tprivate initializeErrorHandling() {\n\t\tthis.app.use(errorMiddleware);\n\t}\n\n\tprivate initializeControllers(controllers: Controller[]) {\n\t\tthis.app.get('/api/v1', (req, response) => {\n\t\t\tresponse.send('Dashboard v1');\n\t\t});\n\n\t\tcontrollers.forEach((controller) => {\n\t\t\tthis.app.use('/api/v1', controller.router);\n\t\t});\n\t}\n\n\tprivate initializeEngine() {\n\t\tthis.app.set('view engine', 'html');\n\t\tthis.app.set('views', join(PRODUCTION_FOLDER, 'browser'));\n\n\t\tif (!this.production) {\n\t\t\tthis.app.engine('html', require('ejs').renderFile);\n\t\t}\n\n\t\t// Server static files from /browser\n\t\tthis.app.get(\n\t\t\t'*.*',\n\t\t\texpress.static(join(PRODUCTION_FOLDER, 'browser'), {\n\t\t\t\tmaxAge: '1y',\n\t\t\t})\n\t\t);\n\n\t\t// All regular routes use the Universal engine\n\t\tthis.app.get(/^\\/(?!api).*/, (req, res) => {\n\t\t\tif (this.production) {\n\t\t\t\tres.render('index', { req });\n\t\t\t} else {\n\t\t\t\tres.send({ response: 'API not found' });\n\t\t\t}\n\t\t});\n\t}\n\n}\n\nexport default App;\n"]},"_coverageSchema":"1a1c01bbd47fc00a2c39e90264f33305004495a9","hash":"d3ac3c8baccd63604e3dfc712d1bebb53276f0b6","contentHash":"0bc5c6cbffe300c4caeb1598094324ca450f375a7b9e9e45e142eb914b7316da"},"/Users/Charly/www/dashboard-be/src/utils/listRoutes.ts":{"path":"/Users/Charly/www/dashboard-be/src/utils/listRoutes.ts","statementMap":{"0":{"start":{"line":2,"column":0},"end":{"line":2,"column":62}},"1":{"start":{"line":3,"column":0},"end":{"line":3,"column":28}},"2":{"start":{"line":5,"column":4},"end":{"line":5,"column":58}},"3":{"start":{"line":7,"column":0},"end":{"line":7,"column":32}},"4":{"start":{"line":9,"column":4},"end":{"line":20,"column":5}},"5":{"start":{"line":10,"column":8},"end":{"line":10,"column":102}},"6":{"start":{"line":12,"column":9},"end":{"line":20,"column":5}},"7":{"start":{"line":13,"column":8},"end":{"line":13,"column":99}},"8":{"start":{"line":15,"column":9},"end":{"line":20,"column":5}},"9":{"start":{"line":16,"column":8},"end":{"line":19,"column":24}},"10":{"start":{"line":23,"column":4},"end":{"line":38,"column":5}},"11":{"start":{"line":24,"column":8},"end":{"line":24,"column":32}},"12":{"start":{"line":26,"column":9},"end":{"line":38,"column":5}},"13":{"start":{"line":27,"column":8},"end":{"line":27,"column":18}},"14":{"start":{"line":30,"column":20},"end":{"line":34,"column":82}},"15":{"start":{"line":35,"column":8},"end":{"line":37,"column":51}}},"fnMap":{"0":{"name":"listRoutes","decl":{"start":{"line":4,"column":9},"end":{"line":4,"column":19}},"loc":{"start":{"line":4,"column":25},"end":{"line":6,"column":1}},"line":4},"1":{"name":"printRoutes","decl":{"start":{"line":8,"column":9},"end":{"line":8,"column":20}},"loc":{"start":{"line":8,"column":34},"end":{"line":21,"column":1}},"line":8},"2":{"name":"splitRoutes","decl":{"start":{"line":22,"column":9},"end":{"line":22,"column":20}},"loc":{"start":{"line":22,"column":28},"end":{"line":39,"column":1}},"line":22}},"branchMap":{"0":{"loc":{"start":{"line":9,"column":4},"end":{"line":20,"column":5}},"type":"if","locations":[{"start":{"line":9,"column":4},"end":{"line":20,"column":5}},{"start":{"line":9,"column":4},"end":{"line":20,"column":5}}],"line":9},"1":{"loc":{"start":{"line":12,"column":9},"end":{"line":20,"column":5}},"type":"if","locations":[{"start":{"line":12,"column":9},"end":{"line":20,"column":5}},{"start":{"line":12,"column":9},"end":{"line":20,"column":5}}],"line":12},"2":{"loc":{"start":{"line":12,"column":13},"end":{"line":12,"column":58}},"type":"binary-expr","locations":[{"start":{"line":12,"column":13},"end":{"line":12,"column":36}},{"start":{"line":12,"column":40},"end":{"line":12,"column":58}}],"line":12},"3":{"loc":{"start":{"line":15,"column":9},"end":{"line":20,"column":5}},"type":"if","locations":[{"start":{"line":15,"column":9},"end":{"line":20,"column":5}},{"start":{"line":15,"column":9},"end":{"line":20,"column":5}}],"line":15},"4":{"loc":{"start":{"line":23,"column":4},"end":{"line":38,"column":5}},"type":"if","locations":[{"start":{"line":23,"column":4},"end":{"line":38,"column":5}},{"start":{"line":23,"column":4},"end":{"line":38,"column":5}}],"line":23},"5":{"loc":{"start":{"line":26,"column":9},"end":{"line":38,"column":5}},"type":"if","locations":[{"start":{"line":26,"column":9},"end":{"line":38,"column":5}},{"start":{"line":26,"column":9},"end":{"line":38,"column":5}}],"line":26},"6":{"loc":{"start":{"line":35,"column":15},"end":{"line":37,"column":50}},"type":"cond-expr","locations":[{"start":{"line":36,"column":14},"end":{"line":36,"column":57}},{"start":{"line":37,"column":14},"end":{"line":37,"column":50}}],"line":35}},"s":{"0":1,"1":1,"2":1,"3":1,"4":29,"5":8,"6":21,"7":2,"8":19,"9":6,"10":16,"11":7,"12":9,"13":0,"14":9,"15":9},"f":{"0":1,"1":29,"2":16},"b":{"0":[8,21],"1":[2,19],"2":[21,2],"3":[6,13],"4":[7,9],"5":[0,9],"6":[8,1]},"inputSourceMap":{"version":3,"file":"/Users/Charly/www/dashboard-be/src/utils/listRoutes.ts","sources":["/Users/Charly/www/dashboard-be/src/utils/listRoutes.ts"],"names":[],"mappings":";;;AAAA,SAAS,UAAU,CAAC,GAAG;IACtB,GAAG,CAAC,OAAO,CAAC,KAAK,CAAC,OAAO,CAAC,WAAW,CAAC,IAAI,CAAC,IAAI,EAAE,EAAE,CAAC,CAAC,CAAC;AACvD,CAAC;AAwCQ,gCAAU;AAtCnB,SAAS,WAAW,CAAC,IAAI,EAAE,KAAK;IAC/B,IAAI,KAAK,CAAC,KAAK,EAAE;QAChB,KAAK,CAAC,KAAK,CAAC,KAAK,CAAC,OAAO,CACxB,WAAW,CAAC,IAAI,CAAC,IAAI,EAAE,IAAI,CAAC,MAAM,CAAC,WAAW,CAAC,KAAK,CAAC,KAAK,CAAC,IAAI,CAAC,CAAC,CAAC,CAClE,CAAC;KACF;SAAM,IAAI,KAAK,CAAC,IAAI,KAAK,QAAQ,IAAI,KAAK,CAAC,MAAM,CAAC,KAAK,EAAE;QACzD,KAAK,CAAC,MAAM,CAAC,KAAK,CAAC,OAAO,CACzB,WAAW,CAAC,IAAI,CAAC,IAAI,EAAE,IAAI,CAAC,MAAM,CAAC,WAAW,CAAC,KAAK,CAAC,MAAM,CAAC,CAAC,CAAC,CAC9D,CAAC;KACF;SAAM,IAAI,KAAK,CAAC,MAAM,EAAE;QACxB,OAAO,CAAC,GAAG,CACV,YAAY,EACZ,KAAK,CAAC,MAAM,CAAC,WAAW,EAAE,EAC1B,IAAI;aACF,MAAM,CAAC,WAAW,CAAC,KAAK,CAAC,MAAM,CAAC,CAAC;aACjC,MAAM,CAAC,OAAO,CAAC;aACf,IAAI,CAAC,GAAG,CAAC,CACX,CAAC;KACF;AACF,CAAC;AAED,SAAS,WAAW,CAAC,KAAK;IACzB,IAAI,OAAO,KAAK,KAAK,QAAQ,EAAE;QAC9B,OAAO,KAAK,CAAC,KAAK,CAAC,GAAG,CAAC,CAAC;KACxB;SAAM,IAAI,KAAK,CAAC,UAAU,EAAE;QAC5B,OAAO,EAAE,CAAC;KACV;SAAM;QACN,IAAI,KAAK,GAAG,KAAK;aACf,QAAQ,EAAE;aACV,OAAO,CAAC,MAAM,EAAE,EAAE,CAAC;aACnB,OAAO,CAAC,WAAW,EAAE,GAAG,CAAC;aACzB,KAAK,CAAC,8DAA8D,CAAC,CAAC;QACxE,OAAO,KAAK;YACX,CAAC,CAAC,KAAK,CAAC,CAAC,CAAC,CAAC,OAAO,CAAC,QAAQ,EAAE,IAAI,CAAC,CAAC,KAAK,CAAC,GAAG,CAAC;YAC7C,CAAC,CAAC,WAAW,GAAG,KAAK,CAAC,QAAQ,EAAE,GAAG,GAAG,CAAC;KACxC;AACF,CAAC","sourcesContent":["function listRoutes(app) {\n\tapp._router.stack.forEach(printRoutes.bind(this, []));\n}\n\nfunction printRoutes(path, layer) {\n\tif (layer.route) {\n\t\tlayer.route.stack.forEach(\n\t\t\tprintRoutes.bind(this, path.concat(splitRoutes(layer.route.path)))\n\t\t);\n\t} else if (layer.name === 'router' && layer.handle.stack) {\n\t\tlayer.handle.stack.forEach(\n\t\t\tprintRoutes.bind(this, path.concat(splitRoutes(layer.regexp)))\n\t\t);\n\t} else if (layer.method) {\n\t\tconsole.log(\n\t\t\t'\t%s\t\t|\t/%s',\n\t\t\tlayer.method.toUpperCase(),\n\t\t\tpath\n\t\t\t\t.concat(splitRoutes(layer.regexp))\n\t\t\t\t.filter(Boolean)\n\t\t\t\t.join('/')\n\t\t);\n\t}\n}\n\nfunction splitRoutes(thing) {\n\tif (typeof thing === 'string') {\n\t\treturn thing.split('/');\n\t} else if (thing.fast_slash) {\n\t\treturn '';\n\t} else {\n\t\tlet match = thing\n\t\t\t.toString()\n\t\t\t.replace('\\\\/?', '')\n\t\t\t.replace('(?=\\\\/|$)', '$')\n\t\t\t.match(/^\\/\\^((?:\\\\[.*+?^${}()|[\\]\\\\\\/]|[^.*+?^${}()|[\\]\\\\\\/])*)\\$\\//);\n\t\treturn match\n\t\t\t? match[1].replace(/\\\\(.)/g, '$1').split('/')\n\t\t\t: '<complex:' + thing.toString() + '>';\n\t}\n}\n\nexport { listRoutes };\n"]},"_coverageSchema":"1a1c01bbd47fc00a2c39e90264f33305004495a9","hash":"5840d1596f3f60456a208b1c370e34f029db06ec","contentHash":"c30ff9e632a956a792ee9d5b2029472dd17c3f8f80417d4a12b6a799d545619a"},"/Users/Charly/www/dashboard-be/src/config/passport.ts":{"path":"/Users/Charly/www/dashboard-be/src/config/passport.ts","statementMap":{"0":{"start":{"line":2,"column":0},"end":{"line":2,"column":62}},"1":{"start":{"line":3,"column":0},"end":{"line":3,"column":25}},"2":{"start":{"line":4,"column":17},"end":{"line":4,"column":36}},"3":{"start":{"line":5,"column":21},"end":{"line":5,"column":44}},"4":{"start":{"line":6,"column":15},"end":{"line":6,"column":45}},"5":{"start":{"line":7,"column":18},"end":{"line":10,"column":1}},"6":{"start":{"line":8,"column":13},"end":{"line":8,"column":24}},"7":{"start":{"line":9,"column":4},"end":{"line":9,"column":77}},"8":{"start":{"line":11,"column":0},"end":{"line":14,"column":17}},"9":{"start":{"line":15,"column":0},"end":{"line":15,"column":27}}},"fnMap":{"0":{"name":"(anonymous_0)","decl":{"start":{"line":7,"column":18},"end":{"line":7,"column":19}},"loc":{"start":{"line":7,"column":43},"end":{"line":10,"column":1}},"line":7}},"branchMap":{"0":{"loc":{"start":{"line":9,"column":11},"end":{"line":9,"column":76}},"type":"cond-expr","locations":[{"start":{"line":9,"column":16},"end":{"line":9,"column":30}},{"start":{"line":9,"column":33},"end":{"line":9,"column":76}}],"line":9}},"s":{"0":1,"1":1,"2":1,"3":1,"4":1,"5":1,"6":0,"7":0,"8":1,"9":1},"f":{"0":0},"b":{"0":[0,0]},"inputSourceMap":{"version":3,"file":"/Users/Charly/www/dashboard-be/src/config/passport.ts","sources":["/Users/Charly/www/dashboard-be/src/config/passport.ts"],"names":[],"mappings":";;AAAA,yBAAuB;AACvB,qCAAyC;AACzC,6CAAmE;AAEnE,IAAM,QAAQ,GAAG,IAAI,wBAAa,EAAE,CAAC;AAErC,IAAM,WAAW,GAAG,UACnB,OAAY,EACZ,IAAkD;IAElD,IAAM,EAAE,GAAG,OAAO,CAAC,GAAG,CAAC;IACvB,OAAO,EAAE,CAAC,CAAC,CAAC,IAAI,CAAC,IAAI,EAAE,EAAE,CAAC,CAAC,CAAC,CAAC,IAAI,CAAC,IAAI,KAAK,CAAC,oBAAoB,CAAC,EAAE,IAAI,CAAC,CAAC;AAC1E,CAAC,CAAC;AAEF,QAAQ,CAAC,GAAG,CACX,IAAI,uBAAW,CACd;IACC,WAAW,EAAE,OAAO,CAAC,GAAG,CAAC,UAAU;IACnC,cAAc,EAAE,yBAAU,CAAC,2BAA2B,EAAE;CACxD,EACD,WAAW,CACX,CACD,CAAC;AAEF,kBAAe,QAAQ,CAAC","sourcesContent":["import 'dotenv/config';\nimport { Authenticator } from 'passport';\nimport { ExtractJwt, Strategy as JWtStrategy } from 'passport-jwt';\n\nconst passport = new Authenticator();\n\nconst jwtStrategy = (\n\tpayload: any,\n\tdone: (error: any, user?: any, info?: any) => void\n) => {\n\tconst id = payload.sub;\n\treturn id ? done(null, id) : done(new Error('You shall not pass'), null);\n};\n\npassport.use(\n\tnew JWtStrategy(\n\t\t{\n\t\t\tsecretOrKey: process.env.JWT_SECRET,\n\t\t\tjwtFromRequest: ExtractJwt.fromAuthHeaderAsBearerToken(),\n\t\t},\n\t\tjwtStrategy\n\t)\n);\n\nexport default passport;\n"]},"_coverageSchema":"1a1c01bbd47fc00a2c39e90264f33305004495a9","hash":"9e5109f13a63b0c8c9f6549121b9fe8a01fffb93","contentHash":"8ddf31fa078ae47e372d7230b453485e7d27f05ed563c1a44bf1ae8683aa76c2"},"/Users/Charly/www/dashboard-be/src/constants/cors.ts":{"path":"/Users/Charly/www/dashboard-be/src/constants/cors.ts","statementMap":{"0":{"start":{"line":2,"column":0},"end":{"line":2,"column":62}},"1":{"start":{"line":3,"column":0},"end":{"line":3,"column":29}},"2":{"start":{"line":4,"column":0},"end":{"line":9,"column":2}}},"fnMap":{},"branchMap":{},"s":{"0":1,"1":1,"2":1},"f":{},"b":{},"inputSourceMap":{"version":3,"file":"/Users/Charly/www/dashboard-be/src/constants/cors.ts","sources":["/Users/Charly/www/dashboard-be/src/constants/cors.ts"],"names":[],"mappings":";;;AAEa,QAAA,WAAW,GAAqB;IAC5C,MAAM,EAAE,uBAAuB;IAC/B,OAAO,EAAE,wCAAwC;IACjD,WAAW,EAAE,IAAI;IACjB,cAAc,EAAE,CAAC,eAAe,EAAE,YAAY,CAAC;CAC/C,CAAC","sourcesContent":["import * as cors from 'cors';\n\nexport const corsOptions: cors.CorsOptions = {\n\torigin: 'http://localhost:3000',\n\tmethods: 'GET,HEAD,PUT,PATCH,POST,DELETE,OPTIONS',\n\tcredentials: true,\n\texposedHeaders: ['Authorization', 'Set-Cookie']\n};\n"]},"_coverageSchema":"1a1c01bbd47fc00a2c39e90264f33305004495a9","hash":"219eec6f2794927fd3f9afc8f609e804d17d9415","contentHash":"428336b9cb6a1e01b3acaa6dc7b3d2c6b972978ef26b86ce12e815512c27ea40"},"/Users/Charly/www/dashboard-be/src/middlewares/error.middleware.ts":{"path":"/Users/Charly/www/dashboard-be/src/middlewares/error.middleware.ts","statementMap":{"0":{"start":{"line":2,"column":0},"end":{"line":2,"column":62}},"1":{"start":{"line":4,"column":17},"end":{"line":4,"column":79}},"2":{"start":{"line":5,"column":18},"end":{"line":5,"column":57}},"3":{"start":{"line":6,"column":4},"end":{"line":6,"column":25}},"4":{"start":{"line":7,"column":4},"end":{"line":9,"column":5}},"5":{"start":{"line":8,"column":8},"end":{"line":8,"column":27}},"6":{"start":{"line":10,"column":4},"end":{"line":13,"column":7}},"7":{"start":{"line":15,"column":0},"end":{"line":15,"column":34}}},"fnMap":{"0":{"name":"errorMiddleware","decl":{"start":{"line":3,"column":9},"end":{"line":3,"column":24}},"loc":{"start":{"line":3,"column":57},"end":{"line":14,"column":1}},"line":3}},"branchMap":{"0":{"loc":{"start":{"line":4,"column":17},"end":{"line":4,"column":79}},"type":"cond-expr","locations":[{"start":{"line":4,"column":61},"end":{"line":4,"column":73}},{"start":{"line":4,"column":76},"end":{"line":4,"column":79}}],"line":4},"1":{"loc":{"start":{"line":4,"column":17},"end":{"line":4,"column":58}},"type":"binary-expr","locations":[{"start":{"line":4,"column":17},"end":{"line":4,"column":36}},{"start":{"line":4,"column":40},"end":{"line":4,"column":58}}],"line":4},"2":{"loc":{"start":{"line":5,"column":18},"end":{"line":5,"column":57}},"type":"binary-expr","locations":[{"start":{"line":5,"column":18},"end":{"line":5,"column":31}},{"start":{"line":5,"column":35},"end":{"line":5,"column":57}}],"line":5},"3":{"loc":{"start":{"line":7,"column":4},"end":{"line":9,"column":5}},"type":"if","locations":[{"start":{"line":7,"column":4},"end":{"line":9,"column":5}},{"start":{"line":7,"column":4},"end":{"line":9,"column":5}}],"line":7}},"s":{"0":1,"1":1,"2":1,"3":1,"4":1,"5":0,"6":1,"7":1},"f":{"0":1},"b":{"0":[1,0],"1":[1,1],"2":[1,0],"3":[0,1]},"inputSourceMap":{"version":3,"file":"/Users/Charly/www/dashboard-be/src/middlewares/error.middleware.ts","sources":["/Users/Charly/www/dashboard-be/src/middlewares/error.middleware.ts"],"names":[],"mappings":";;AAGA,SAAS,eAAe,CAAC,KAAoB,EAAE,OAAgB,EAAE,QAAkB,EAAE,IAAkB;IACtG,IAAM,MAAM,GAAG,KAAK,CAAC,MAAM,IAAI,GAAG,IAAI,KAAK,CAAC,MAAM,GAAG,GAAG,CAAC,CAAC,CAAC,KAAK,CAAC,MAAM,CAAC,CAAC,CAAC,GAAG,CAAC;IAC9E,IAAM,OAAO,GAAG,KAAK,CAAC,OAAO,IAAI,sBAAsB,CAAC;IAExD,OAAO,CAAC,KAAK,CAAC,KAAK,CAAC,CAAC;IACrB,IAAI,QAAQ,CAAC,WAAW,EAAE;QACzB,OAAO,IAAI,CAAC,KAAK,CAAC,CAAC;KACnB;IACD,QAAQ,CAAC,MAAM,CAAC,MAAM,CAAC,CAAC,IAAI,CAAC;QAC5B,MAAM,QAAA;QACN,OAAO,SAAA;KACP,CAAC,CAAC;AACJ,CAAC;AACD,kBAAe,eAAe,CAAC","sourcesContent":["import { HttpException } from '../exceptions';\nimport { NextFunction, Request, Response } from 'express';\n\nfunction errorMiddleware(error: HttpException, request: Request, response: Response, next: NextFunction) {\n\tconst status = error.status >= 100 && error.status < 600 ? error.status : 500;\n\tconst message = error.message || 'Something went wrong';\n\n\tconsole.error(error);\n\tif (response.headersSent) {\n\t\treturn next(error);\n\t}\n\tresponse.status(status).send({\n\t\tstatus,\n\t\tmessage\n\t});\n}\nexport default errorMiddleware;\n"]},"_coverageSchema":"1a1c01bbd47fc00a2c39e90264f33305004495a9","hash":"bc0c285cecf886934b250152b1e3d1b6f818a84f","contentHash":"888071419fc9053e27739ad323e44d455d730a21d0748fc84ef53b0dd667ec30"},"/Users/Charly/www/dashboard-be/src/middlewares/logger.middleware.ts":{"path":"/Users/Charly/www/dashboard-be/src/middlewares/logger.middleware.ts","statementMap":{"0":{"start":{"line":2,"column":0},"end":{"line":2,"column":62}},"1":{"start":{"line":4,"column":4},"end":{"line":4,"column":61}},"2":{"start":{"line":5,"column":4},"end":{"line":5,"column":11}},"3":{"start":{"line":7,"column":0},"end":{"line":7,"column":35}}},"fnMap":{"0":{"name":"loggerMiddleware","decl":{"start":{"line":3,"column":9},"end":{"line":3,"column":25}},"loc":{"start":{"line":3,"column":51},"end":{"line":6,"column":1}},"line":3}},"branchMap":{},"s":{"0":1,"1":3,"2":3,"3":1},"f":{"0":3},"b":{},"inputSourceMap":{"version":3,"file":"/Users/Charly/www/dashboard-be/src/middlewares/logger.middleware.ts","sources":["/Users/Charly/www/dashboard-be/src/middlewares/logger.middleware.ts"],"names":[],"mappings":";;AAEA,SAAS,gBAAgB,CACxB,OAAgB,EAChB,QAAkB,EAClB,IAAkB;IAElB,OAAO,CAAC,GAAG,CAAC,OAAI,OAAO,CAAC,MAAM,UAAI,OAAO,CAAC,IAAM,CAAC,CAAC;IAClD,IAAI,EAAE,CAAC;AACR,CAAC;AAED,kBAAe,gBAAgB,CAAC","sourcesContent":["import { NextFunction, Request, Response } from 'express';\n\nfunction loggerMiddleware(\n\trequest: Request,\n\tresponse: Response,\n\tnext: NextFunction\n) {\n\tconsole.log(`\t${request.method}\t${request.path}`);\n\tnext();\n}\n\nexport default loggerMiddleware;\n"]},"_coverageSchema":"1a1c01bbd47fc00a2c39e90264f33305004495a9","hash":"12bb294899eef7344159437d52e08d617c6967ed","contentHash":"f12634edccc6438b4430101fe2ced3c823f54007ab5f046bb3de67888651308c"},"/Users/Charly/www/dashboard-be/src/config/controllers.ts":{"path":"/Users/Charly/www/dashboard-be/src/config/controllers.ts","statementMap":{"0":{"start":{"line":2,"column":22},"end":{"line":4,"column":1}},"1":{"start":{"line":3,"column":4},"end":{"line":3,"column":62}},"2":{"start":{"line":5,"column":0},"end":{"line":5,"column":62}},"3":{"start":{"line":6,"column":34},"end":{"line":6,"column":111}},"4":{"start":{"line":7,"column":24},"end":{"line":7,"column":81}},"5":{"start":{"line":8,"column":18},"end":{"line":11,"column":1}},"6":{"start":{"line":12,"column":0},"end":{"line":12,"column":30}}},"fnMap":{"0":{"name":"(anonymous_0)","decl":{"start":{"line":2,"column":56},"end":{"line":2,"column":57}},"loc":{"start":{"line":2,"column":71},"end":{"line":4,"column":1}},"line":2}},"branchMap":{"0":{"loc":{"start":{"line":2,"column":22},"end":{"line":4,"column":1}},"type":"binary-expr","locations":[{"start":{"line":2,"column":23},"end":{"line":2,"column":27}},{"start":{"line":2,"column":31},"end":{"line":2,"column":51}},{"start":{"line":2,"column":56},"end":{"line":4,"column":1}}],"line":2},"1":{"loc":{"start":{"line":3,"column":11},"end":{"line":3,"column":61}},"type":"cond-expr","locations":[{"start":{"line":3,"column":37},"end":{"line":3,"column":40}},{"start":{"line":3,"column":43},"end":{"line":3,"column":61}}],"line":3},"2":{"loc":{"start":{"line":3,"column":12},"end":{"line":3,"column":33}},"type":"binary-expr","locations":[{"start":{"line":3,"column":12},"end":{"line":3,"column":15}},{"start":{"line":3,"column":19},"end":{"line":3,"column":33}}],"line":3}},"s":{"0":1,"1":2,"2":1,"3":1,"4":1,"5":1,"6":1},"f":{"0":2},"b":{"0":[1,1,1],"1":[2,0],"2":[2,2]},"inputSourceMap":{"version":3,"file":"/Users/Charly/www/dashboard-be/src/config/controllers.ts","sources":["/Users/Charly/www/dashboard-be/src/config/controllers.ts"],"names":[],"mappings":";;;;;AAAA,gHAAyF;AACzF,kFAA2D;AAG3D,IAAM,WAAW,GAAiB;IACjC,IAAI,mCAAwB,EAAE;IAC9B,IAAI,yBAAc,EAAE;CACpB,CAAC;AAEF,kBAAe,WAAW,CAAC","sourcesContent":["import AuthenticationController from './../app/authentication/authentication.controller';\nimport UserController from './../app/user/user.controller';\nimport Controller from './../types/controller';\n\nconst controllers: Controller[] = [\n\tnew AuthenticationController(),\n\tnew UserController(),\n];\n\nexport default controllers;\n"]},"_coverageSchema":"1a1c01bbd47fc00a2c39e90264f33305004495a9","hash":"06c7f260a4bd03c95b39712d142336f80f9a0a5d","contentHash":"67ce740d90eb2e062ae2ff34cf8b936156cee6af47365b0f57a2145355cd9577"},"/Users/Charly/www/dashboard-be/src/app/authentication/authentication.controller.ts":{"path":"/Users/Charly/www/dashboard-be/src/app/authentication/authentication.controller.ts","statementMap":{"0":{"start":{"line":2,"column":15},"end":{"line":12,"column":1}},"1":{"start":{"line":3,"column":4},"end":{"line":10,"column":6}},"2":{"start":{"line":4,"column":8},"end":{"line":8,"column":9}},"3":{"start":{"line":4,"column":24},"end":{"line":4,"column":25}},"4":{"start":{"line":4,"column":31},"end":{"line":4,"column":47}},"5":{"start":{"line":5,"column":12},"end":{"line":5,"column":29}},"6":{"start":{"line":6,"column":12},"end":{"line":7,"column":28}},"7":{"start":{"line":6,"column":29},"end":{"line":7,"column":28}},"8":{"start":{"line":7,"column":16},"end":{"line":7,"column":28}},"9":{"start":{"line":9,"column":8},"end":{"line":9,"column":17}},"10":{"start":{"line":11,"column":4},"end":{"line":11,"column":43}},"11":{"start":{"line":13,"column":16},"end":{"line":21,"column":1}},"12":{"start":{"line":14,"column":28},"end":{"line":14,"column":110}},"13":{"start":{"line":14,"column":91},"end":{"line":14,"column":106}},"14":{"start":{"line":15,"column":4},"end":{"line":20,"column":7}},"15":{"start":{"line":16,"column":36},"end":{"line":16,"column":97}},"16":{"start":{"line":16,"column":42},"end":{"line":16,"column":70}},"17":{"start":{"line":16,"column":85},"end":{"line":16,"column":95}},"18":{"start":{"line":17,"column":35},"end":{"line":17,"column":100}},"19":{"start":{"line":17,"column":41},"end":{"line":17,"column":73}},"20":{"start":{"line":17,"column":88},"end":{"line":17,"column":98}},"21":{"start":{"line":18,"column":32},"end":{"line":18,"column":116}},"22":{"start":{"line":19,"column":8},"end":{"line":19,"column":78}},"23":{"start":{"line":22,"column":18},"end":{"line":48,"column":1}},"24":{"start":{"line":23,"column":12},"end":{"line":23,"column":104}},"25":{"start":{"line":23,"column":43},"end":{"line":23,"column":68}},"26":{"start":{"line":23,"column":57},"end":{"line":23,"column":68}},"27":{"start":{"line":23,"column":69},"end":{"line":23,"column":81}},"28":{"start":{"line":24,"column":4},"end":{"line":24,"column":157}},"29":{"start":{"line":24,"column":138},"end":{"line":24,"column":150}},"30":{"start":{"line":25,"column":23},"end":{"line":25,"column":68}},"31":{"start":{"line":25,"column":45},"end":{"line":25,"column":65}},"32":{"start":{"line":27,"column":8},"end":{"line":27,"column":70}},"33":{"start":{"line":27,"column":15},"end":{"line":27,"column":70}},"34":{"start":{"line":28,"column":8},"end":{"line":45,"column":66}},"35":{"start":{"line":28,"column":18},"end":{"line":45,"column":66}},"36":{"start":{"line":29,"column":12},"end":{"line":29,"column":169}},"37":{"start":{"line":29,"column":160},"end":{"line":29,"column":169}},"38":{"start":{"line":30,"column":12},"end":{"line":30,"column":52}},"39":{"start":{"line":30,"column":26},"end":{"line":30,"column":52}},"40":{"start":{"line":31,"column":12},"end":{"line":43,"column":13}},"41":{"start":{"line":32,"column":32},"end":{"line":32,"column":39}},"42":{"start":{"line":32,"column":40},"end":{"line":32,"column":46}},"43":{"start":{"line":33,"column":24},"end":{"line":33,"column":34}},"44":{"start":{"line":33,"column":35},"end":{"line":33,"column":72}},"45":{"start":{"line":34,"column":24},"end":{"line":34,"column":34}},"46":{"start":{"line":34,"column":35},"end":{"line":34,"column":45}},"47":{"start":{"line":34,"column":46},"end":{"line":34,"column":55}},"48":{"start":{"line":34,"column":56},"end":{"line":34,"column":65}},"49":{"start":{"line":35,"column":24},"end":{"line":35,"column":41}},"50":{"start":{"line":35,"column":42},"end":{"line":35,"column":55}},"51":{"start":{"line":35,"column":56},"end":{"line":35,"column":65}},"52":{"start":{"line":37,"column":20},"end":{"line":37,"column":128}},"53":{"start":{"line":37,"column":110},"end":{"line":37,"column":116}},"54":{"start":{"line":37,"column":117},"end":{"line":37,"column":126}},"55":{"start":{"line":38,"column":20},"end":{"line":38,"column":106}},"56":{"start":{"line":38,"column":81},"end":{"line":38,"column":97}},"57":{"start":{"line":38,"column":98},"end":{"line":38,"column":104}},"58":{"start":{"line":39,"column":20},"end":{"line":39,"column":89}},"59":{"start":{"line":39,"column":57},"end":{"line":39,"column":72}},"60":{"start":{"line":39,"column":73},"end":{"line":39,"column":80}},"61":{"start":{"line":39,"column":81},"end":{"line":39,"column":87}},"62":{"start":{"line":40,"column":20},"end":{"line":40,"column":87}},"63":{"start":{"line":40,"column":47},"end":{"line":40,"column":62}},"64":{"start":{"line":40,"column":63},"end":{"line":40,"column":78}},"65":{"start":{"line":40,"column":79},"end":{"line":40,"column":85}},"66":{"start":{"line":41,"column":20},"end":{"line":41,"column":42}},"67":{"start":{"line":41,"column":30},"end":{"line":41,"column":42}},"68":{"start":{"line":42,"column":20},"end":{"line":42,"column":33}},"69":{"start":{"line":42,"column":34},"end":{"line":42,"column":43}},"70":{"start":{"line":44,"column":12},"end":{"line":44,"column":39}},"71":{"start":{"line":45,"column":22},"end":{"line":45,"column":34}},"72":{"start":{"line":45,"column":35},"end":{"line":45,"column":41}},"73":{"start":{"line":45,"column":54},"end":{"line":45,"column":64}},"74":{"start":{"line":46,"column":8},"end":{"line":46,"column":35}},"75":{"start":{"line":46,"column":23},"end":{"line":46,"column":35}},"76":{"start":{"line":46,"column":36},"end":{"line":46,"column":89}},"77":{"start":{"line":49,"column":22},"end":{"line":51,"column":1}},"78":{"start":{"line":50,"column":4},"end":{"line":50,"column":62}},"79":{"start":{"line":52,"column":0},"end":{"line":52,"column":62}},"80":{"start":{"line":53,"column":16},"end":{"line":53,"column":34}},"81":{"start":{"line":54,"column":19},"end":{"line":54,"column":69}},"82":{"start":{"line":55,"column":14},"end":{"line":55,"column":49}},"83":{"start":{"line":56,"column":14},"end":{"line":56,"column":50}},"84":{"start":{"line":57,"column":15},"end":{"line":57,"column":46}},"85":{"start":{"line":58,"column":31},"end":{"line":58,"column":83}},"86":{"start":{"line":59,"column":46},"end":{"line":118,"column":3}},"87":{"start":{"line":61,"column":20},"end":{"line":61,"column":24}},"88":{"start":{"line":62,"column":8},"end":{"line":62,"column":28}},"89":{"start":{"line":63,"column":8},"end":{"line":63,"column":41}},"90":{"start":{"line":64,"column":8},"end":{"line":64,"column":76}},"91":{"start":{"line":65,"column":8},"end":{"line":101,"column":14}},"92":{"start":{"line":65,"column":62},"end":{"line":101,"column":11}},"93":{"start":{"line":67,"column":12},"end":{"line":100,"column":15}},"94":{"start":{"line":68,"column":16},"end":{"line":99,"column":17}},"95":{"start":{"line":70,"column":24},"end":{"line":70,"column":50}},"96":{"start":{"line":71,"column":24},"end":{"line":71,"column":51}},"97":{"start":{"line":72,"column":24},"end":{"line":72,"column":113}},"98":{"start":{"line":72,"column":72},"end":{"line":72,"column":109}},"99":{"start":{"line":73,"column":24},"end":{"line":73,"column":59}},"100":{"start":{"line":73,"column":35},"end":{"line":73,"column":59}},"101":{"start":{"line":74,"column":24},"end":{"line":76,"column":25}},"102":{"start":{"line":75,"column":28},"end":{"line":75,"column":97}},"103":{"start":{"line":77,"column":24},"end":{"line":77,"column":109}},"104":{"start":{"line":79,"column":24},"end":{"line":79,"column":55}},"105":{"start":{"line":80,"column":24},"end":{"line":88,"column":25}},"106":{"start":{"line":81,"column":28},"end":{"line":83,"column":31}},"107":{"start":{"line":84,"column":28},"end":{"line":84,"column":48}},"108":{"start":{"line":87,"column":28},"end":{"line":87,"column":74}},"109":{"start":{"line":89,"column":24},"end":{"line":89,"column":48}},"110":{"start":{"line":91,"column":24},"end":{"line":91,"column":70}},"111":{"start":{"line":92,"column":24},"end":{"line":92,"column":37}},"112":{"start":{"line":93,"column":28},"end":{"line":93,"column":52}},"113":{"start":{"line":95,"column":24},"end":{"line":95,"column":40}},"114":{"start":{"line":96,"column":24},"end":{"line":96,"column":61}},"115":{"start":{"line":97,"column":24},"end":{"line":97,"column":48}},"116":{"start":{"line":98,"column":28},"end":{"line":98,"column":50}},"117":{"start":{"line":102,"column":8},"end":{"line":106,"column":10}},"118":{"start":{"line":103,"column":12},"end":{"line":103,"column":29}},"119":{"start":{"line":104,"column":12},"end":{"line":104,"column":75}},"120":{"start":{"line":105,"column":12},"end":{"line":105,"column":37}},"121":{"start":{"line":107,"column":8},"end":{"line":107,"column":32}},"122":{"start":{"line":109,"column":4},"end":{"line":116,"column":6}},"123":{"start":{"line":110,"column":8},"end":{"line":112,"column":24}},"124":{"start":{"line":113,"column":8},"end":{"line":115,"column":58}},"125":{"start":{"line":117,"column":4},"end":{"line":117,"column":36}},"126":{"start":{"line":119,"column":0},"end":{"line":119,"column":43}}},"fnMap":{"0":{"name":"(anonymous_0)","decl":{"start":{"line":2,"column":42},"end":{"line":2,"column":43}},"loc":{"start":{"line":2,"column":54},"end":{"line":12,"column":1}},"line":2},"1":{"name":"(anonymous_1)","decl":{"start":{"line":3,"column":32},"end":{"line":3,"column":33}},"loc":{"start":{"line":3,"column":44},"end":{"line":10,"column":5}},"line":3},"2":{"name":"(anonymous_2)","decl":{"start":{"line":13,"column":44},"end":{"line":13,"column":45}},"loc":{"start":{"line":13,"column":89},"end":{"line":21,"column":1}},"line":13},"3":{"name":"adopt","decl":{"start":{"line":14,"column":13},"end":{"line":14,"column":18}},"loc":{"start":{"line":14,"column":26},"end":{"line":14,"column":112}},"line":14},"4":{"name":"(anonymous_4)","decl":{"start":{"line":14,"column":70},"end":{"line":14,"column":71}},"loc":{"start":{"line":14,"column":89},"end":{"line":14,"column":108}},"line":14},"5":{"name":"(anonymous_5)","decl":{"start":{"line":15,"column":36},"end":{"line":15,"column":37}},"loc":{"start":{"line":15,"column":63},"end":{"line":20,"column":5}},"line":15},"6":{"name":"fulfilled","decl":{"start":{"line":16,"column":17},"end":{"line":16,"column":26}},"loc":{"start":{"line":16,"column":34},"end":{"line":16,"column":99}},"line":16},"7":{"name":"rejected","decl":{"start":{"line":17,"column":17},"end":{"line":17,"column":25}},"loc":{"start":{"line":17,"column":33},"end":{"line":17,"column":102}},"line":17},"8":{"name":"step","decl":{"start":{"line":18,"column":17},"end":{"line":18,"column":21}},"loc":{"start":{"line":18,"column":30},"end":{"line":18,"column":118}},"line":18},"9":{"name":"(anonymous_9)","decl":{"start":{"line":22,"column":48},"end":{"line":22,"column":49}},"loc":{"start":{"line":22,"column":73},"end":{"line":48,"column":1}},"line":22},"10":{"name":"(anonymous_10)","decl":{"start":{"line":23,"column":30},"end":{"line":23,"column":31}},"loc":{"start":{"line":23,"column":41},"end":{"line":23,"column":83}},"line":23},"11":{"name":"(anonymous_11)","decl":{"start":{"line":24,"column":125},"end":{"line":24,"column":126}},"loc":{"start":{"line":24,"column":136},"end":{"line":24,"column":152}},"line":24},"12":{"name":"verb","decl":{"start":{"line":25,"column":13},"end":{"line":25,"column":17}},"loc":{"start":{"line":25,"column":21},"end":{"line":25,"column":70}},"line":25},"13":{"name":"(anonymous_13)","decl":{"start":{"line":25,"column":30},"end":{"line":25,"column":31}},"loc":{"start":{"line":25,"column":43},"end":{"line":25,"column":67}},"line":25},"14":{"name":"step","decl":{"start":{"line":26,"column":13},"end":{"line":26,"column":17}},"loc":{"start":{"line":26,"column":22},"end":{"line":47,"column":5}},"line":26},"15":{"name":"(anonymous_15)","decl":{"start":{"line":49,"column":56},"end":{"line":49,"column":57}},"loc":{"start":{"line":49,"column":71},"end":{"line":51,"column":1}},"line":49},"16":{"name":"(anonymous_16)","decl":{"start":{"line":59,"column":46},"end":{"line":59,"column":47}},"loc":{"start":{"line":59,"column":58},"end":{"line":118,"column":1}},"line":59},"17":{"name":"AuthenticationController","decl":{"start":{"line":60,"column":13},"end":{"line":60,"column":37}},"loc":{"start":{"line":60,"column":40},"end":{"line":108,"column":5}},"line":60},"18":{"name":"(anonymous_18)","decl":{"start":{"line":65,"column":25},"end":{"line":65,"column":26}},"loc":{"start":{"line":65,"column":60},"end":{"line":101,"column":13}},"line":65},"19":{"name":"(anonymous_19)","decl":{"start":{"line":65,"column":102},"end":{"line":65,"column":103}},"loc":{"start":{"line":65,"column":114},"end":{"line":101,"column":9}},"line":65},"20":{"name":"(anonymous_20)","decl":{"start":{"line":67,"column":37},"end":{"line":67,"column":38}},"loc":{"start":{"line":67,"column":51},"end":{"line":100,"column":13}},"line":67},"21":{"name":"(anonymous_21)","decl":{"start":{"line":72,"column":57},"end":{"line":72,"column":58}},"loc":{"start":{"line":72,"column":70},"end":{"line":72,"column":111}},"line":72},"22":{"name":"(anonymous_22)","decl":{"start":{"line":102,"column":26},"end":{"line":102,"column":27}},"loc":{"start":{"line":102,"column":55},"end":{"line":106,"column":9}},"line":102},"23":{"name":"(anonymous_23)","decl":{"start":{"line":109,"column":58},"end":{"line":109,"column":59}},"loc":{"start":{"line":109,"column":70},"end":{"line":116,"column":5}},"line":109}},"branchMap":{"0":{"loc":{"start":{"line":2,"column":15},"end":{"line":12,"column":1}},"type":"binary-expr","locations":[{"start":{"line":2,"column":16},"end":{"line":2,"column":20}},{"start":{"line":2,"column":24},"end":{"line":2,"column":37}},{"start":{"line":2,"column":42},"end":{"line":12,"column":1}}],"line":2},"1":{"loc":{"start":{"line":3,"column":15},"end":{"line":10,"column":5}},"type":"binary-expr","locations":[{"start":{"line":3,"column":15},"end":{"line":3,"column":28}},{"start":{"line":3,"column":32},"end":{"line":10,"column":5}}],"line":3},"2":{"loc":{"start":{"line":6,"column":29},"end":{"line":7,"column":28}},"type":"if","locations":[{"start":{"line":6,"column":29},"end":{"line":7,"column":28}},{"start":{"line":6,"column":29},"end":{"line":7,"column":28}}],"line":6},"3":{"loc":{"start":{"line":13,"column":16},"end":{"line":21,"column":1}},"type":"binary-expr","locations":[{"start":{"line":13,"column":17},"end":{"line":13,"column":21}},{"start":{"line":13,"column":25},"end":{"line":13,"column":39}},{"start":{"line":13,"column":44},"end":{"line":21,"column":1}}],"line":13},"4":{"loc":{"start":{"line":14,"column":35},"end":{"line":14,"column":109}},"type":"cond-expr","locations":[{"start":{"line":14,"column":56},"end":{"line":14,"column":61}},{"start":{"line":14,"column":64},"end":{"line":14,"column":109}}],"line":14},"5":{"loc":{"start":{"line":15,"column":16},"end":{"line":15,"column":34}},"type":"binary-expr","locations":[{"start":{"line":15,"column":16},"end":{"line":15,"column":17}},{"start":{"line":15,"column":22},"end":{"line":15,"column":33}}],"line":15},"6":{"loc":{"start":{"line":18,"column":32},"end":{"line":18,"column":115}},"type":"cond-expr","locations":[{"start":{"line":18,"column":46},"end":{"line":18,"column":67}},{"start":{"line":18,"column":70},"end":{"line":18,"column":115}}],"line":18},"7":{"loc":{"start":{"line":19,"column":51},"end":{"line":19,"column":67}},"type":"binary-expr","locations":[{"start":{"line":19,"column":51},"end":{"line":19,"column":61}},{"start":{"line":19,"column":65},"end":{"line":19,"column":67}}],"line":19},"8":{"loc":{"start":{"line":22,"column":18},"end":{"line":48,"column":1}},"type":"binary-expr","locations":[{"start":{"line":22,"column":19},"end":{"line":22,"column":23}},{"start":{"line":22,"column":27},"end":{"line":22,"column":43}},{"start":{"line":22,"column":48},"end":{"line":48,"column":1}}],"line":22},"9":{"loc":{"start":{"line":23,"column":43},"end":{"line":23,"column":68}},"type":"if","locations":[{"start":{"line":23,"column":43},"end":{"line":23,"column":68}},{"start":{"line":23,"column":43},"end":{"line":23,"column":68}}],"line":23},"10":{"loc":{"start":{"line":24,"column":71},"end":{"line":24,"column":153}},"type":"binary-expr","locations":[{"start":{"line":24,"column":71},"end":{"line":24,"column":99}},{"start":{"line":24,"column":104},"end":{"line":24,"column":152}}],"line":24},"11":{"loc":{"start":{"line":27,"column":8},"end":{"line":27,"column":70}},"type":"if","locations":[{"start":{"line":27,"column":8},"end":{"line":27,"column":70}},{"start":{"line":27,"column":8},"end":{"line":27,"column":70}}],"line":27},"12":{"loc":{"start":{"line":29,"column":12},"end":{"line":29,"column":169}},"type":"if","locations":[{"start":{"line":29,"column":12},"end":{"line":29,"column":169}},{"start":{"line":29,"column":12},"end":{"line":29,"column":169}}],"line":29},"13":{"loc":{"start":{"line":29,"column":23},"end":{"line":29,"column":158}},"type":"binary-expr","locations":[{"start":{"line":29,"column":23},"end":{"line":29,"column":24}},{"start":{"line":29,"column":29},"end":{"line":29,"column":125}},{"start":{"line":29,"column":130},"end":{"line":29,"column":158}}],"line":29},"14":{"loc":{"start":{"line":29,"column":33},"end":{"line":29,"column":125}},"type":"cond-expr","locations":[{"start":{"line":29,"column":45},"end":{"line":29,"column":56}},{"start":{"line":29,"column":59},"end":{"line":29,"column":125}}],"line":29},"15":{"loc":{"start":{"line":29,"column":59},"end":{"line":29,"column":125}},"type":"cond-expr","locations":[{"start":{"line":29,"column":67},"end":{"line":29,"column":116}},{"start":{"line":29,"column":119},"end":{"line":29,"column":125}}],"line":29},"16":{"loc":{"start":{"line":29,"column":67},"end":{"line":29,"column":116}},"type":"binary-expr","locations":[{"start":{"line":29,"column":67},"end":{"line":29,"column":77}},{"start":{"line":29,"column":82},"end":{"line":29,"column":115}}],"line":29},"17":{"loc":{"start":{"line":29,"column":82},"end":{"line":29,"column":112}},"type":"binary-expr","locations":[{"start":{"line":29,"column":83},"end":{"line":29,"column":98}},{"start":{"line":29,"column":103},"end":{"line":29,"column":112}}],"line":29},"18":{"loc":{"start":{"line":30,"column":12},"end":{"line":30,"column":52}},"type":"if","locations":[{"start":{"line":30,"column":12},"end":{"line":30,"column":52}},{"start":{"line":30,"column":12},"end":{"line":30,"column":52}}],"line":30},"19":{"loc":{"start":{"line":31,"column":12},"end":{"line":43,"column":13}},"type":"switch","locations":[{"start":{"line":32,"column":16},"end":{"line":32,"column":23}},{"start":{"line":32,"column":24},"end":{"line":32,"column":46}},{"start":{"line":33,"column":16},"end":{"line":33,"column":72}},{"start":{"line":34,"column":16},"end":{"line":34,"column":65}},{"start":{"line":35,"column":16},"end":{"line":35,"column":65}},{"start":{"line":36,"column":16},"end":{"line":42,"column":43}}],"line":31},"20":{"loc":{"start":{"line":37,"column":20},"end":{"line":37,"column":128}},"type":"if","locations":[{"start":{"line":37,"column":20},"end":{"line":37,"column":128}},{"start":{"line":37,"column":20},"end":{"line":37,"column":128}}],"line":37},"21":{"loc":{"start":{"line":37,"column":24},"end":{"line":37,"column":106}},"type":"binary-expr","locations":[{"start":{"line":37,"column":24},"end":{"line":37,"column":74}},{"start":{"line":37,"column":79},"end":{"line":37,"column":90}},{"start":{"line":37,"column":94},"end":{"line":37,"column":105}}],"line":37},"22":{"loc":{"start":{"line":37,"column":42},"end":{"line":37,"column":73}},"type":"binary-expr","locations":[{"start":{"line":37,"column":42},"end":{"line":37,"column":54}},{"start":{"line":37,"column":58},"end":{"line":37,"column":73}}],"line":37},"23":{"loc":{"start":{"line":38,"column":20},"end":{"line":38,"column":106}},"type":"if","locations":[{"start":{"line":38,"column":20},"end":{"line":38,"column":106}},{"start":{"line":38,"column":20},"end":{"line":38,"column":106}}],"line":38},"24":{"loc":{"start":{"line":38,"column":24},"end":{"line":38,"column":77}},"type":"binary-expr","locations":[{"start":{"line":38,"column":24},"end":{"line":38,"column":35}},{"start":{"line":38,"column":40},"end":{"line":38,"column":42}},{"start":{"line":38,"column":47},"end":{"line":38,"column":59}},{"start":{"line":38,"column":63},"end":{"line":38,"column":75}}],"line":38},"25":{"loc":{"start":{"line":39,"column":20},"end":{"line":39,"column":89}},"type":"if","locations":[{"start":{"line":39,"column":20},"end":{"line":39,"column":89}},{"start":{"line":39,"column":20},"end":{"line":39,"column":89}}],"line":39},"26":{"loc":{"start":{"line":39,"column":24},"end":{"line":39,"column":53}},"type":"binary-expr","locations":[{"start":{"line":39,"column":24},"end":{"line":39,"column":35}},{"start":{"line":39,"column":39},"end":{"line":39,"column":53}}],"line":39},"27":{"loc":{"start":{"line":40,"column":20},"end":{"line":40,"column":87}},"type":"if","locations":[{"start":{"line":40,"column":20},"end":{"line":40,"column":87}},{"start":{"line":40,"column":20},"end":{"line":40,"column":87}}],"line":40},"28":{"loc":{"start":{"line":40,"column":24},"end":{"line":40,"column":43}},"type":"binary-expr","locations":[{"start":{"line":40,"column":24},"end":{"line":40,"column":25}},{"start":{"line":40,"column":29},"end":{"line":40,"column":43}}],"line":40},"29":{"loc":{"start":{"line":41,"column":20},"end":{"line":41,"column":42}},"type":"if","locations":[{"start":{"line":41,"column":20},"end":{"line":41,"column":42}},{"start":{"line":41,"column":20},"end":{"line":41,"column":42}}],"line":41},"30":{"loc":{"start":{"line":46,"column":8},"end":{"line":46,"column":35}},"type":"if","locations":[{"start":{"line":46,"column":8},"end":{"line":46,"column":35}},{"start":{"line":46,"column":8},"end":{"line":46,"column":35}}],"line":46},"31":{"loc":{"start":{"line":46,"column":52},"end":{"line":46,"column":74}},"type":"cond-expr","locations":[{"start":{"line":46,"column":60},"end":{"line":46,"column":65}},{"start":{"line":46,"column":68},"end":{"line":46,"column":74}}],"line":46},"32":{"loc":{"start":{"line":49,"column":22},"end":{"line":51,"column":1}},"type":"binary-expr","locations":[{"start":{"line":49,"column":23},"end":{"line":49,"column":27}},{"start":{"line":49,"column":31},"end":{"line":49,"column":51}},{"start":{"line":49,"column":56},"end":{"line":51,"column":1}}],"line":49},"33":{"loc":{"start":{"line":50,"column":11},"end":{"line":50,"column":61}},"type":"cond-expr","locations":[{"start":{"line":50,"column":37},"end":{"line":50,"column":40}},{"start":{"line":50,"column":43},"end":{"line":50,"column":61}}],"line":50},"34":{"loc":{"start":{"line":50,"column":12},"end":{"line":50,"column":33}},"type":"binary-expr","locations":[{"start":{"line":50,"column":12},"end":{"line":50,"column":15}},{"start":{"line":50,"column":19},"end":{"line":50,"column":33}}],"line":50},"35":{"loc":{"start":{"line":68,"column":16},"end":{"line":99,"column":17}},"type":"switch","locations":[{"start":{"line":69,"column":20},"end":{"line":77,"column":109}},{"start":{"line":78,"column":20},"end":{"line":89,"column":48}},{"start":{"line":90,"column":20},"end":{"line":92,"column":37}},{"start":{"line":93,"column":20},"end":{"line":93,"column":52}},{"start":{"line":94,"column":20},"end":{"line":97,"column":48}},{"start":{"line":98,"column":20},"end":{"line":98,"column":50}}],"line":68},"36":{"loc":{"start":{"line":73,"column":24},"end":{"line":73,"column":59}},"type":"if","locations":[{"start":{"line":73,"column":24},"end":{"line":73,"column":59}},{"start":{"line":73,"column":24},"end":{"line":73,"column":59}}],"line":73},"37":{"loc":{"start":{"line":74,"column":24},"end":{"line":76,"column":25}},"type":"if","locations":[{"start":{"line":74,"column":24},"end":{"line":76,"column":25}},{"start":{"line":74,"column":24},"end":{"line":76,"column":25}}],"line":74},"38":{"loc":{"start":{"line":80,"column":24},"end":{"line":88,"column":25}},"type":"if","locations":[{"start":{"line":80,"column":24},"end":{"line":88,"column":25}},{"start":{"line":80,"column":24},"end":{"line":88,"column":25}}],"line":80}},"s":{"0":1,"1":2,"2":0,"3":0,"4":0,"5":0,"6":0,"7":0,"8":0,"9":0,"10":2,"11":1,"12":1,"13":0,"14":1,"15":1,"16":1,"17":0,"18":0,"19":0,"20":0,"21":2,"22":1,"23":1,"24":1,"25":1,"26":0,"27":1,"28":1,"29":0,"30":3,"31":2,"32":2,"33":0,"34":2,"35":7,"36":7,"37":0,"38":7,"39":0,"40":7,"41":2,"42":2,"43":1,"44":1,"45":0,"46":0,"47":0,"48":0,"49":0,"50":0,"51":0,"52":4,"53":1,"54":1,"55":3,"56":2,"57":2,"58":1,"59":0,"60":0,"61":0,"62":1,"63":0,"64":0,"65":0,"66":1,"67":0,"68":1,"69":1,"70":4,"71":0,"72":0,"73":7,"74":1,"75":0,"76":1,"77":1,"78":2,"79":1,"80":1,"81":1,"82":1,"83":1,"84":1,"85":1,"86":1,"87":1,"88":1,"89":1,"90":1,"91":1,"92":1,"93":1,"94":4,"95":1,"96":1,"97":1,"98":1,"99":1,"100":0,"101":1,"102":0,"103":1,"104":1,"105":1,"106":1,"107":1,"108":0,"109":1,"110":0,"111":0,"112":1,"113":0,"114":0,"115":0,"116":1,"117":1,"118":0,"119":0,"120":0,"121":1,"122":1,"123":1,"124":1,"125":1,"126":1},"f":{"0":2,"1":0,"2":1,"3":1,"4":0,"5":1,"6":1,"7":0,"8":2,"9":1,"10":1,"11":0,"12":3,"13":2,"14":2,"15":2,"16":1,"17":1,"18":1,"19":1,"20":4,"21":1,"22":0,"23":1},"b":{"0":[1,1,1],"1":[2,0],"2":[0,0],"3":[1,1,1],"4":[1,0],"5":[1,1],"6":[1,1],"7":[1,1],"8":[1,1,1],"9":[0,1],"10":[1,1],"11":[0,2],"12":[0,7],"13":[7,0,0],"14":[0,0],"15":[0,0],"16":[0,0],"17":[0,0],"18":[0,7],"19":[2,2,1,0,0,4],"20":[1,3],"21":[4,2,2],"22":[4,2],"23":[2,1],"24":[3,3,2,2],"25":[0,1],"26":[1,0],"27":[0,1],"28":[1,1],"29":[0,1],"30":[0,1],"31":[1,0],"32":[1,1,1],"33":[1,1],"34":[2,2],"35":[1,1,0,1,0,1],"36":[0,1],"37":[0,1],"38":[1,0]},"inputSourceMap":{"version":3,"file":"/Users/Charly/www/dashboard-be/src/app/authentication/authentication.controller.ts","sources":["/Users/Charly/www/dashboard-be/src/app/authentication/authentication.controller.ts"],"names":[],"mappings":";;;;;;;;;;;;;;;;;;;;;;;;;;;;;;;;;;;;;;;;;;;;;;;;;;;;AAAA,mCAAkE;AAClE,sEAA2C;AAC3C,kDAGkC;AAClC,mDAA2D;AAE3D,+CAAwD;AACxD,oFAA6D;AAG7D;IAKC;QAAA,iBAEC;QANM,SAAI,GAAG,OAAO,CAAC;QACf,WAAM,GAAG,gBAAM,EAAE,CAAC;QAClB,0BAAqB,GAAG,IAAI,gCAAqB,EAAE,CAAC;QAkBnD,cAAS,GAAG,UACnB,OAAgB,EAChB,QAAkB,EAClB,IAAkB;;;;;;wBAGX,cAAsB,OAAO,CAAC,IAAI,CAAC;wBACnC,IAAI,GAAG,oBAAK,CAAC,IAAI,CAAC,UAAC,CAAC,IAAK,OAAA,CAAC,CAAC,KAAK,KAAK,WAAS,CAAC,KAAK,EAA3B,CAA2B,CAAC,CAAC;6BAExD,IAAI,EAAJ,wBAAI;wBACP,IAAI,CAAC,IAAI,CAAC,QAAQ,EAAE;4BACnB,sBAAO,IAAI,CAAC,IAAI,iCAAyB,EAAE,CAAC,EAAC;yBAC7C;wBAC0B,qBAAM,yBAAgB,CAChD,WAAS,CAAC,QAAQ,EAClB,IAAI,CAAC,QAAQ,CACb,EAAA;;wBAHK,kBAAkB,GAAG,SAG1B;wBACD,IAAI,kBAAkB,EAAE;4BACvB,QAAQ,CAAC,SAAS,CAAC,eAAe,EAAE;gCACnC,IAAI,CAAC,qBAAqB,CAAC,WAAW,uBAClC,IAAI,KACP,QAAQ,EAAE,SAAS,IAClB;6BACF,CAAC,CAAC;4BACH,QAAQ,CAAC,IAAI,CAAC,IAAI,CAAC,CAAC;yBACpB;6BAAM;4BACN,IAAI,CAAC,IAAI,iCAAyB,EAAE,CAAC,CAAC;yBACtC;;;wBAED,IAAI,CAAC,IAAI,iCAAyB,EAAE,CAAC,CAAC;;;;;wBAGvC,IAAI,CAAC,IAAI,qBAAa,CAAC,GAAC,CAAC,CAAC,CAAC;;;;;aAE5B,CAAC;QAEM,eAAU,GAAG,UAAC,OAAgB,EAAE,QAAkB;YACzD,OAAO,CAAC,MAAM,EAAE,CAAC;YACjB,QAAQ,CAAC,SAAS,CAAC,YAAY,EAAE,CAAC,0BAA0B,CAAC,CAAC,CAAC;YAC/D,QAAQ,CAAC,UAAU,CAAC,GAAG,CAAC,CAAC;QAC1B,CAAC,CAAC;QAvDD,IAAI,CAAC,gBAAgB,EAAE,CAAC;IACzB,CAAC;IAEO,mDAAgB,GAAxB;QACC,IAAI,CAAC,MAAM,CAAC,IAAI,CACZ,IAAI,CAAC,IAAI,WAAQ;QACpB,kCAAkC;QAClC,IAAI,CAAC,SAAS,CACd,CAAC;QAEF,IAAI,CAAC,MAAM;aACT,GAAG,CAAI,IAAI,CAAC,IAAI,OAAI,EAAE,sBAAc,CAAC;aACrC,IAAI,CAAI,IAAI,CAAC,IAAI,YAAS,EAAE,IAAI,CAAC,UAAU,CAAC,CAAC;IAChD,CAAC;IA2CF,+BAAC;AAAD,CAAC,AA9DD,IA8DC;AAED,kBAAe,wBAAwB,CAAC","sourcesContent":["import { NextFunction, Request, Response, Router } from 'express';\nimport users from '../../mocks/users.json';\nimport {\n\tHttpException,\n\tWrongCredentialsException,\n} from './../../exceptions/index';\nimport { authMiddleware } from './../../middlewares/index';\nimport { Controller } from './../../types/index';\nimport { comparePasswords } from './../../utils/crypto';\nimport AuthenticationService from './authentication.service';\nimport LogInDto from './login.dto';\n\nclass AuthenticationController implements Controller {\n\tpublic path = '/auth';\n\tpublic router = Router();\n\tpublic authenticationService = new AuthenticationService();\n\n\tconstructor() {\n\t\tthis.initializeRoutes();\n\t}\n\n\tprivate initializeRoutes() {\n\t\tthis.router.post(\n\t\t\t`${this.path}/login`,\n\t\t\t// validationMiddleware(LogInDto),\n\t\t\tthis.loggingIn\n\t\t);\n\n\t\tthis.router\n\t\t\t.all(`${this.path}/*`, authMiddleware)\n\t\t\t.post(`${this.path}/logout`, this.loggingOut);\n\t}\n\n\tprivate loggingIn = async (\n\t\trequest: Request,\n\t\tresponse: Response,\n\t\tnext: NextFunction\n\t) => {\n\t\ttry {\n\t\t\tconst logInData: LogInDto = request.body;\n\t\t\tconst user = users.find((u) => u.email === logInData.email);\n\n\t\t\tif (user) {\n\t\t\t\tif (!user.password) {\n\t\t\t\t\treturn next(new WrongCredentialsException());\n\t\t\t\t}\n\t\t\t\tconst isPasswordMatching = await comparePasswords(\n\t\t\t\t\tlogInData.password,\n\t\t\t\t\tuser.password\n\t\t\t\t);\n\t\t\t\tif (isPasswordMatching) {\n\t\t\t\t\tresponse.setHeader('Authorization', [\n\t\t\t\t\t\tthis.authenticationService.createToken({\n\t\t\t\t\t\t\t...user,\n\t\t\t\t\t\t\tpassword: undefined,\n\t\t\t\t\t\t}),\n\t\t\t\t\t]);\n\t\t\t\t\tresponse.send(user);\n\t\t\t\t} else {\n\t\t\t\t\tnext(new WrongCredentialsException());\n\t\t\t\t}\n\t\t\t} else {\n\t\t\t\tnext(new WrongCredentialsException());\n\t\t\t}\n\t\t} catch (e) {\n\t\t\tnext(new HttpException(e));\n\t\t}\n\t};\n\n\tprivate loggingOut = (request: Request, response: Response) => {\n\t\trequest.logOut();\n\t\tresponse.setHeader('Set-Cookie', ['Authorization=;Max-age=0']);\n\t\tresponse.sendStatus(200);\n\t};\n}\n\nexport default AuthenticationController;\n"]},"_coverageSchema":"1a1c01bbd47fc00a2c39e90264f33305004495a9","hash":"a56eed9e13a3261568403ff339f7898a3c03e3f2","contentHash":"2260a90a295684d5921f4bf0ccdbc7be4c1c787bf4cb28e0337c83d55591b87e"},"/Users/Charly/www/dashboard-be/src/exceptions/index.ts":{"path":"/Users/Charly/www/dashboard-be/src/exceptions/index.ts","statementMap":{"0":{"start":{"line":2,"column":22},"end":{"line":4,"column":1}},"1":{"start":{"line":3,"column":4},"end":{"line":3,"column":62}},"2":{"start":{"line":5,"column":0},"end":{"line":5,"column":62}},"3":{"start":{"line":6,"column":0},"end":{"line":6,"column":215}},"4":{"start":{"line":7,"column":44},"end":{"line":7,"column":109}},"5":{"start":{"line":8,"column":0},"end":{"line":8,"column":92}},"6":{"start":{"line":9,"column":28},"end":{"line":9,"column":77}},"7":{"start":{"line":10,"column":0},"end":{"line":10,"column":60}},"8":{"start":{"line":11,"column":22},"end":{"line":11,"column":65}},"9":{"start":{"line":12,"column":0},"end":{"line":12,"column":48}},"10":{"start":{"line":13,"column":26},"end":{"line":13,"column":73}},"11":{"start":{"line":14,"column":0},"end":{"line":14,"column":56}},"12":{"start":{"line":15,"column":42},"end":{"line":15,"column":105}},"13":{"start":{"line":16,"column":0},"end":{"line":16,"column":88}},"14":{"start":{"line":17,"column":34},"end":{"line":17,"column":89}},"15":{"start":{"line":18,"column":0},"end":{"line":18,"column":72}}},"fnMap":{"0":{"name":"(anonymous_0)","decl":{"start":{"line":2,"column":56},"end":{"line":2,"column":57}},"loc":{"start":{"line":2,"column":71},"end":{"line":4,"column":1}},"line":2}},"branchMap":{"0":{"loc":{"start":{"line":2,"column":22},"end":{"line":4,"column":1}},"type":"binary-expr","locations":[{"start":{"line":2,"column":23},"end":{"line":2,"column":27}},{"start":{"line":2,"column":31},"end":{"line":2,"column":51}},{"start":{"line":2,"column":56},"end":{"line":4,"column":1}}],"line":2},"1":{"loc":{"start":{"line":3,"column":11},"end":{"line":3,"column":61}},"type":"cond-expr","locations":[{"start":{"line":3,"column":37},"end":{"line":3,"column":40}},{"start":{"line":3,"column":43},"end":{"line":3,"column":61}}],"line":3},"2":{"loc":{"start":{"line":3,"column":12},"end":{"line":3,"column":33}},"type":"binary-expr","locations":[{"start":{"line":3,"column":12},"end":{"line":3,"column":15}},{"start":{"line":3,"column":19},"end":{"line":3,"column":33}}],"line":3}},"s":{"0":1,"1":6,"2":1,"3":1,"4":1,"5":1,"6":1,"7":1,"8":1,"9":1,"10":1,"11":1,"12":1,"13":1,"14":1,"15":1},"f":{"0":6},"b":{"0":[1,1,1],"1":[6,0],"2":[6,6]},"inputSourceMap":{"version":3,"file":"/Users/Charly/www/dashboard-be/src/exceptions/index.ts","sources":["/Users/Charly/www/dashboard-be/src/exceptions/index.ts"],"names":[],"mappings":";;;;;;AAAA,8GAAwF;AAQvF,8CARM,6CAAmC,CAQN;AAPpC,8EAAwD;AAQvD,8BARM,6BAAmB,CAQN;AAPpB,kEAA4C;AAQ3C,wBARM,uBAAa,CAQN;AAPd,0EAAoD;AAQnD,4BARM,2BAAiB,CAQN;AAPlB,0GAAoF;AAQnF,4CARM,2CAAiC,CAQN;AAPlC,0FAAoE;AAQnE,oCARM,mCAAyB,CAQN","sourcesContent":["import AuthenticationTokenMissingException from './AuthenticationTokenMissingException';\nimport BadRequestException from './BadRequestException';\nimport HttpException from './HttpException';\nimport NotFoundException from './NotFoundException';\nimport WrongAuthenticationTokenException from './WrongAuthenticationTokenException';\nimport WrongCredentialsException from './WrongCredentialsException';\n\nexport {\n\tAuthenticationTokenMissingException,\n\tBadRequestException,\n\tHttpException,\n\tNotFoundException,\n\tWrongAuthenticationTokenException,\n\tWrongCredentialsException\n};\n"]},"_coverageSchema":"1a1c01bbd47fc00a2c39e90264f33305004495a9","hash":"d908b66ba3dabcf0d9939cc58005dcccf9d2a8f5","contentHash":"96972898d45a66faf7ca0a678921fc2b619ccce3abb0c290204e6bacf2c81317"},"/Users/Charly/www/dashboard-be/src/exceptions/AuthenticationTokenMissingException.ts":{"path":"/Users/Charly/www/dashboard-be/src/exceptions/AuthenticationTokenMissingException.ts","statementMap":{"0":{"start":{"line":2,"column":16},"end":{"line":14,"column":4}},"1":{"start":{"line":3,"column":24},"end":{"line":8,"column":5}},"2":{"start":{"line":4,"column":8},"end":{"line":6,"column":87}},"3":{"start":{"line":5,"column":69},"end":{"line":5,"column":85}},"4":{"start":{"line":6,"column":30},"end":{"line":6,"column":84}},"5":{"start":{"line":6,"column":47},"end":{"line":6,"column":84}},"6":{"start":{"line":6,"column":72},"end":{"line":6,"column":84}},"7":{"start":{"line":7,"column":8},"end":{"line":7,"column":35}},"8":{"start":{"line":9,"column":4},"end":{"line":13,"column":6}},"9":{"start":{"line":10,"column":8},"end":{"line":10,"column":28}},"10":{"start":{"line":11,"column":24},"end":{"line":11,"column":45}},"11":{"start":{"line":12,"column":8},"end":{"line":12,"column":93}},"12":{"start":{"line":15,"column":22},"end":{"line":17,"column":1}},"13":{"start":{"line":16,"column":4},"end":{"line":16,"column":62}},"14":{"start":{"line":18,"column":0},"end":{"line":18,"column":62}},"15":{"start":{"line":19,"column":22},"end":{"line":19,"column":65}},"16":{"start":{"line":20,"column":57},"end":{"line":26,"column":26}},"17":{"start":{"line":21,"column":4},"end":{"line":21,"column":59}},"18":{"start":{"line":23,"column":8},"end":{"line":23,"column":78}},"19":{"start":{"line":25,"column":4},"end":{"line":25,"column":47}},"20":{"start":{"line":27,"column":0},"end":{"line":27,"column":54}}},"fnMap":{"0":{"name":"(anonymous_0)","decl":{"start":{"line":2,"column":45},"end":{"line":2,"column":46}},"loc":{"start":{"line":2,"column":57},"end":{"line":14,"column":1}},"line":2},"1":{"name":"(anonymous_1)","decl":{"start":{"line":3,"column":24},"end":{"line":3,"column":25}},"loc":{"start":{"line":3,"column":40},"end":{"line":8,"column":5}},"line":3},"2":{"name":"(anonymous_2)","decl":{"start":{"line":5,"column":51},"end":{"line":5,"column":52}},"loc":{"start":{"line":5,"column":67},"end":{"line":5,"column":87}},"line":5},"3":{"name":"(anonymous_3)","decl":{"start":{"line":6,"column":12},"end":{"line":6,"column":13}},"loc":{"start":{"line":6,"column":28},"end":{"line":6,"column":86}},"line":6},"4":{"name":"(anonymous_4)","decl":{"start":{"line":9,"column":11},"end":{"line":9,"column":12}},"loc":{"start":{"line":9,"column":27},"end":{"line":13,"column":5}},"line":9},"5":{"name":"__","decl":{"start":{"line":11,"column":17},"end":{"line":11,"column":19}},"loc":{"start":{"line":11,"column":22},"end":{"line":11,"column":47}},"line":11},"6":{"name":"(anonymous_6)","decl":{"start":{"line":15,"column":56},"end":{"line":15,"column":57}},"loc":{"start":{"line":15,"column":71},"end":{"line":17,"column":1}},"line":15},"7":{"name":"(anonymous_7)","decl":{"start":{"line":20,"column":57},"end":{"line":20,"column":58}},"loc":{"start":{"line":20,"column":75},"end":{"line":26,"column":1}},"line":20},"8":{"name":"AuthenticationTokenMissingException","decl":{"start":{"line":22,"column":13},"end":{"line":22,"column":48}},"loc":{"start":{"line":22,"column":51},"end":{"line":24,"column":5}},"line":22}},"branchMap":{"0":{"loc":{"start":{"line":2,"column":16},"end":{"line":14,"column":4}},"type":"binary-expr","locations":[{"start":{"line":2,"column":17},"end":{"line":2,"column":21}},{"start":{"line":2,"column":25},"end":{"line":2,"column":39}},{"start":{"line":2,"column":44},"end":{"line":14,"column":4}}],"line":2},"1":{"loc":{"start":{"line":4,"column":24},"end":{"line":6,"column":86}},"type":"binary-expr","locations":[{"start":{"line":4,"column":24},"end":{"line":4,"column":45}},{"start":{"line":5,"column":13},"end":{"line":5,"column":47}},{"start":{"line":5,"column":51},"end":{"line":5,"column":87}},{"start":{"line":6,"column":12},"end":{"line":6,"column":86}}],"line":4},"2":{"loc":{"start":{"line":6,"column":47},"end":{"line":6,"column":84}},"type":"if","locations":[{"start":{"line":6,"column":47},"end":{"line":6,"column":84}},{"start":{"line":6,"column":47},"end":{"line":6,"column":84}}],"line":6},"3":{"loc":{"start":{"line":12,"column":22},"end":{"line":12,"column":92}},"type":"cond-expr","locations":[{"start":{"line":12,"column":35},"end":{"line":12,"column":51}},{"start":{"line":12,"column":55},"end":{"line":12,"column":91}}],"line":12},"4":{"loc":{"start":{"line":15,"column":22},"end":{"line":17,"column":1}},"type":"binary-expr","locations":[{"start":{"line":15,"column":23},"end":{"line":15,"column":27}},{"start":{"line":15,"column":31},"end":{"line":15,"column":51}},{"start":{"line":15,"colu
[...]
1":0,"42":0,"43":0,"44":0,"45":0,"46":0,"47":0,"48":0,"49":0,"50":0,"51":0,"52":0,"53":0,"54":0,"55":0,"56":0,"57":0,"58":0,"59":0,"60":0,"61":0,"62":0,"63":0,"64":0,"65":0,"66":0,"67":0,"68":0,"69":0,"70":0,"71":0,"72":0,"73":0,"74":0,"75":0,"76":0,"77":0,"78":0,"79":0,"80":0,"81":0,"82":0,"83":0,"84":0,"85":0,"86":0,"87":1,"88":1,"89":1,"90":1,"91":1,"92":1,"93":0,"94":0,"95":0,"96":0,"97":0,"98":0,"99":0,"100":0,"101":0,"102":0,"103":0,"104":0,"105":0,"106":0,"107":0,"108":0,"109":0,"110":0,"111":1},"f":{"0":1,"1":0,"2":0,"3":1,"4":0,"5":1,"6":0,"7":0,"8":0,"9":0,"10":0,"11":0,"12":0,"13":0,"14":0,"15":0,"16":0,"17":0,"18":0,"19":1,"20":0,"21":0,"22":0,"23":0},"b":{"0":[1,1,1],"1":[1,0],"2":[1,0],"3":[0,0],"4":[1,1,1],"5":[1,0],"6":[1,1,1],"7":[0,1],"8":[1,1],"9":[1,0],"10":[1,0],"11":[1,1],"12":[1,1,1],"13":[0,0],"14":[0,0],"15":[0,0],"16":[0,0],"17":[1,1,1],"18":[0,0],"19":[0,0],"20":[0,0],"21":[0,0],"22":[0,0,0],"23":[0,0],"24":[0,0],"25":[0,0],"26":[0,0],"27":[0,0],"28":[0,0,0,0,0,0],"29":[0,0],"30":[0,0,0],"31":[0,0],"32":[0,0],"33":[0,0,0,0],"34":[0,0],"35":[0,0],"36":[0,0],"37":[0,0],"38":[0,0],"39":[0,0],"40":[0,0],"41":[1,1,1],"42":[1,0],"43":[1,1],"44":[0,0],"45":[0,0]},"inputSourceMap":{"version":3,"file":"/Users/Charly/www/dashboard-be/src/middlewares/user.middleware.ts","sources":["/Users/Charly/www/dashboard-be/src/middlewares/user.middleware.ts"],"names":[],"mappings":";;;;;;;;;;;;;;;;;;;;;;;;;;;;;;;;;;;;;;;;;;;;;;;;;;;;;;;;;;;;AAGA,6CAAsC;AACtC,8CAAqB;AACrB,2DAA+C;AAE/C,SAAe,cAAc,CAC5B,OAAwB,EACxB,QAAkB,EAClB,IAAkB;;;;YAElB,IAAI;gBACG,KAAK,GAAI,cAAC,CAAC,OAAO,EAAE,uBAAuB,CAAC;qBAChD,UAAqB,CAAC,KAAK,CAAC,GAAG,CAAC,CAAC,CAAC,CAAC,CAAC;gBACtC,IAAI,KAAK,EAAE;oBACJ,MAAM,GAAG,OAAO,CAAC,GAAG,CAAC,UAAU,CAAC;oBAChC,oBAAoB,GAAG,qBAAM,CAAC,KAAK,EAAE,MAAM,CAAY,CAAC;oBACxD,OAAK,oBAAoB,CAAC,GAAG,CAAC;oBAC9B,IAAI,GAAG,KAAK,CAAC,IAAI,CAAC,UAAA,CAAC,IAAI,OAAA,CAAC,CAAC,GAAG,KAAK,IAAE,EAAZ,CAAY,CAAC,CAAC;oBAC3C,IAAI,IAAI,EAAE;wBACT,OAAO,CAAC,IAAI,GAAG,IAAI,CAAC;qBACpB;yBAAM;wBACN,OAAO,CAAC,IAAI,GAAG,IAAI,CAAC;qBACpB;iBACD;qBAAM;oBACN,OAAO,CAAC,IAAI,GAAG,IAAI,CAAC;iBACpB;gBACD,IAAI,EAAE,CAAC;aACP;YAAC,OAAO,KAAK,EAAE;gBACf,OAAO,CAAC,IAAI,GAAG,IAAI,CAAC;gBACpB,IAAI,EAAE,CAAC;aACP;;;;CACD;AAED,kBAAe,cAAc,CAAC","sourcesContent":["import Payload from '../types/payload';\nimport RequestWithUser from '../interfaces/requestWithUser';\nimport { NextFunction, Response } from 'express';\nimport { verify } from 'jsonwebtoken';\nimport t from 'typy';\nimport * as users from './../mocks/users.json';\n\nasync function userMiddleware(\n\trequest: RequestWithUser,\n\tresponse: Response,\n\tnext: NextFunction\n) {\n\ttry {\n\t\tconst token = (t(request, 'headers.authorization')\n\t\t\t.safeObject as string).split(' ')[1];\n\t\tif (token) {\n\t\t\tconst secret = process.env.JWT_SECRET;\n\t\t\tconst verificationResponse = verify(token, secret) as Payload;\n\t\t\tconst id = verificationResponse._id;\n\t\t\tconst user = users.find(u => u._id === id);\n\t\t\tif (user) {\n\t\t\t\trequest.user = user;\n\t\t\t} else {\n\t\t\t\trequest.user = null;\n\t\t\t}\n\t\t} else {\n\t\t\trequest.user = null;\n\t\t}\n\t\tnext();\n\t} catch (error) {\n\t\trequest.user = null;\n\t\tnext();\n\t}\n}\n\nexport default userMiddleware;\n"]},"_coverageSchema":"1a1c01bbd47fc00a2c39e90264f33305004495a9","hash":"d557cc2cb45b5d21fce8284ca2e4858204ef291b","contentHash":"2f6cda4279766675504932a0189d26f92e96fd6a4f25fd334470a32cb4caf3aa"},"/Users/Charly/www/dashboard-be/src/utils/crypto.ts":{"path":"/Users/Charly/www/dashboard-be/src/utils/crypto.ts","statementMap":{"0":{"start":{"line":2,"column":0},"end":{"line":2,"column":62}},"1":{"start":{"line":3,"column":0},"end":{"line":3,"column":57}},"2":{"start":{"line":4,"column":22},"end":{"line":4,"column":46}},"3":{"start":{"line":6,"column":4},"end":{"line":6,"column":39}},"4":{"start":{"line":6,"column":27},"end":{"line":6,"column":37}},"5":{"start":{"line":7,"column":4},"end":{"line":16,"column":7}},"6":{"start":{"line":8,"column":8},"end":{"line":15,"column":11}},"7":{"start":{"line":9,"column":12},"end":{"line":11,"column":13}},"8":{"start":{"line":10,"column":16},"end":{"line":10,"column":35}},"9":{"start":{"line":12,"column":12},"end":{"line":14,"column":15}},"10":{"start":{"line":13,"column":16},"end":{"line":13,"column":61}},"11":{"start":{"line":18,"column":0},"end":{"line":18,"column":36}},"12":{"start":{"line":20,"column":4},"end":{"line":24,"column":7}},"13":{"start":{"line":21,"column":8},"end":{"line":23,"column":11}},"14":{"start":{"line":22,"column":12},"end":{"line":22,"column":77}},"15":{"start":{"line":26,"column":0},"end":{"line":26,"column":44}}},"fnMap":{"0":{"name":"generateHash","decl":{"start":{"line":5,"column":9},"end":{"line":5,"column":21}},"loc":{"start":{"line":5,"column":38},"end":{"line":17,"column":1}},"line":5},"1":{"name":"(anonymous_1)","decl":{"start":{"line":7,"column":23},"end":{"line":7,"column":24}},"loc":{"start":{"line":7,"column":50},"end":{"line":16,"column":5}},"line":7},"2":{"name":"(anonymous_2)","decl":{"start":{"line":8,"column":38},"end":{"line":8,"column":39}},"loc":{"start":{"line":8,"column":68},"end":{"line":15,"column":9}},"line":8},"3":{"name":"(anonymous_3)","decl":{"start":{"line":12,"column":64},"end":{"line":12,"column":65}},"loc":{"start":{"line":12,"column":92},"end":{"line":14,"column":13}},"line":12},"4":{"name":"comparePasswords","decl":{"start":{"line":19,"column":9},"end":{"line":19,"column":25}},"loc":{"start":{"line":19,"column":52},"end":{"line":25,"column":1}},"line":19},"5":{"name":"(anonymous_5)","decl":{"start":{"line":20,"column":23},"end":{"line":20,"column":24}},"loc":{"start":{"line":20,"column":50},"end":{"line":24,"column":5}},"line":20},"6":{"name":"(anonymous_6)","decl":{"start":{"line":21,"column":58},"end":{"line":21,"column":59}},"loc":{"start":{"line":21,"column":83},"end":{"line":23,"column":9}},"line":21}},"branchMap":{"0":{"loc":{"start":{"line":6,"column":4},"end":{"line":6,"column":39}},"type":"if","locations":[{"start":{"line":6,"column":4},"end":{"line":6,"column":39}},{"start":{"line":6,"column":4},"end":{"line":6,"column":39}}],"line":6},"1":{"loc":{"start":{"line":9,"column":12},"end":{"line":11,"column":13}},"type":"if","locations":[{"start":{"line":9,"column":12},"end":{"line":11,"column":13}},{"start":{"line":9,"column":12},"end":{"line":11,"column":13}}],"line":9},"2":{"loc":{"start":{"line":13,"column":16},"end":{"line":13,"column":60}},"type":"cond-expr","locations":[{"start":{"line":13,"column":26},"end":{"line":13,"column":41}},{"start":{"line":13,"column":44},"end":{"line":13,"column":60}}],"line":13},"3":{"loc":{"start":{"line":22,"column":12},"end":{"line":22,"column":76}},"type":"cond-expr","locations":[{"start":{"line":22,"column":20},"end":{"line":22,"column":33}},{"start":{"line":22,"column":36},"end":{"line":22,"column":76}}],"line":22},"4":{"loc":{"start":{"line":22,"column":36},"end":{"line":22,"column":76}},"type":"cond-expr","locations":[{"start":{"line":22,"column":46},"end":{"line":22,"column":60}},{"start":{"line":22,"column":63},"end":{"line":22,"column":76}}],"line":22}},"s":{"0":1,"1":1,"2":1,"3":0,"4":0,"5":0,"6":0,"7":0,"8":0,"9":0,"10":0,"11":1,"12":1,"13":1,"14":1,"15":1},"f":{"0":0,"1":0,"2":0,"3":0,"4":1,"5":1,"6":1},"b":{"0":[0,0],"1":[0,0],"2":[0,0],"3":[0,1],"4":[0,1]},"inputSourceMap":{"version":3,"file":"/Users/Charly/www/dashboard-be/src/utils/crypto.ts","sources":["/Users/Charly/www/dashboard-be/src/utils/crypto.ts"],"names":[],"mappings":";;;AAAA,+CAAuD;AAEvD,SAAS,YAAY,CAAC,QAAgB,EAAE,IAAS;IAAT,qBAAA,EAAA,SAAS;IAChD,OAAO,IAAI,OAAO,CAAC,UAAC,OAAO,EAAE,MAAM;QAClC,uBAAO,CAAC,IAAI,EAAE,UAAC,GAAU,EAAE,aAAqB;YAC/C,IAAI,GAAG,EAAE;gBACR,OAAO,MAAM,CAAC,GAAG,CAAC,CAAC;aACnB;YACD,oBAAI,CAAC,QAAQ,EAAE,aAAa,EAAE,IAAI,EAAE,UAAC,OAAc,EAAE,OAAe;gBACnE,OAAO,CAAC,CAAC,CAAC,MAAM,CAAC,OAAO,CAAC,CAAC,CAAC,CAAC,OAAO,CAAC,OAAO,CAAC,CAAC;YAC9C,CAAC,CAAC,CAAC;QACJ,CAAC,CAAC,CAAC;IACJ,CAAC,CAAC,CAAC;AACJ,CAAC;AAaQ,oCAAY;AAXrB,SAAS,gBAAgB,CACxB,QAAgB,EAChB,cAAsB;IAEtB,OAAO,IAAI,OAAO,CAAU,UAAC,OAAO,EAAE,MAAM;QAC3C,uBAAO,CAAC,QAAQ,EAAE,cAAc,EAAE,UAAC,KAAK,EAAE,MAAM;YAC/C,KAAK,CAAC,CAAC,CAAC,MAAM,CAAC,KAAK,CAAC,CAAC,CAAC,CAAC,CAAC,MAAM,CAAC,CAAC,CAAC,OAAO,CAAC,KAAK,CAAC,CAAC,CAAC,CAAC,OAAO,CAAC,IAAI,CAAC,CAAC;QAClE,CAAC,CAAC,CAAC;IACJ,CAAC,CAAC,CAAC;AACJ,CAAC;AAEsB,4CAAgB","sourcesContent":["import { compare, genSalt, hash } from 'bcrypt-nodejs';\n\nfunction generateHash(password: string, salt = 10): Promise<string> {\n\treturn new Promise((resolve, reject) => {\n\t\tgenSalt(salt, (err: Error, saltGenerated: string) => {\n\t\t\tif (err) {\n\t\t\t\treturn reject(err);\n\t\t\t}\n\t\t\thash(password, saltGenerated, null, (errHash: Error, hashGen: string) => {\n\t\t\t\terrHash ? reject(errHash) : resolve(hashGen);\n\t\t\t});\n\t\t});\n\t});\n}\n\nfunction comparePasswords(\n\tpassword: string,\n\thashedPassword: string\n): Promise<boolean> {\n\treturn new Promise<boolean>((resolve, reject) => {\n\t\tcompare(password, hashedPassword, (error, result) => {\n\t\t\terror ? reject(false) : !result ? resolve(false) : resolve(true);\n\t\t});\n\t});\n}\n\nexport { generateHash, comparePasswords };\n"]},"_coverageSchema":"1a1c01bbd47fc00a2c39e90264f33305004495a9","hash":"08f533e8338dd7bdcf06cd22f47cc6f6f9051465","contentHash":"cd2018ddd2ce83ce9f91f9b355413f00b8aef8534a73e3bdfd138acd3d98c34d"},"/Users/Charly/www/dashboard-be/src/app/authentication/authentication.service.ts":{"path":"/Users/Charly/www/dashboard-be/src/app/authentication/authentication.service.ts","statementMap":{"0":{"start":{"line":2,"column":22},"end":{"line":4,"column":1}},"1":{"start":{"line":3,"column":4},"end":{"line":3,"column":62}},"2":{"start":{"line":5,"column":0},"end":{"line":5,"column":62}},"3":{"start":{"line":6,"column":21},"end":{"line":6,"column":44}},"4":{"start":{"line":7,"column":15},"end":{"line":7,"column":49}},"5":{"start":{"line":8,"column":43},"end":{"line":28,"column":3}},"6":{"start":{"line":11,"column":4},"end":{"line":26,"column":6}},"7":{"start":{"line":12,"column":21},"end":{"line":12,"column":43}},"8":{"start":{"line":13,"column":24},"end":{"line":13,"column":64}},"9":{"start":{"line":14,"column":22},"end":{"line":24,"column":9}},"10":{"start":{"line":25,"column":8},"end":{"line":25,"column":78}},"11":{"start":{"line":27,"column":4},"end":{"line":27,"column":33}},"12":{"start":{"line":29,"column":0},"end":{"line":29,"column":40}}},"fnMap":{"0":{"name":"(anonymous_0)","decl":{"start":{"line":2,"column":56},"end":{"line":2,"column":57}},"loc":{"start":{"line":2,"column":71},"end":{"line":4,"column":1}},"line":2},"1":{"name":"(anonymous_1)","decl":{"start":{"line":8,"column":43},"end":{"line":8,"column":44}},"loc":{"start":{"line":8,"column":55},"end":{"line":28,"column":1}},"line":8},"2":{"name":"AuthenticationService","decl":{"start":{"line":9,"column":13},"end":{"line":9,"column":34}},"loc":{"start":{"line":9,"column":37},"end":{"line":10,"column":5}},"line":9},"3":{"name":"(anonymous_3)","decl":{"start":{"line":11,"column":50},"end":{"line":11,"column":51}},"loc":{"start":{"line":11,"column":66},"end":{"line":26,"column":5}},"line":11}},"branchMap":{"0":{"loc":{"start":{"line":2,"column":22},"end":{"line":4,"column":1}},"type":"binary-expr","locations":[{"start":{"line":2,"column":23},"end":{"line":2,"column":27}},{"start":{"line":2,"column":31},"end":{"line":2,"column":51}},{"start":{"line":2,"column":56},"end":{"line":4,"column":1}}],"line":2},"1":{"loc":{"start":{"line":3,"column":11},"end":{"line":3,"column":61}},"type":"cond-expr","locations":[{"start":{"line":3,"column":37},"end":{"line":3,"column":40}},{"start":{"line":3,"column":43},"end":{"line":3,"column":61}}],"line":3},"2":{"loc":{"start":{"line":3,"column":12},"end":{"line":3,"column":33}},"type":"binary-expr","locations":[{"start":{"line":3,"column":12},"end":{"line":3,"column":15}},{"start":{"line":3,"column":19},"end":{"line":3,"column":33}}],"line":3}},"s":{"0":1,"1":1,"2":1,"3":1,"4":1,"5":1,"6":1,"7":1,"8":1,"9":1,"10":1,"11":1,"12":1},"f":{"0":1,"1":1,"2":1,"3":1},"b":{"0":[1,1,1],"1":[0,1],"2":[1,1]},"inputSourceMap":{"version":3,"file":"/Users/Charly/www/dashboard-be/src/app/authentication/authentication.service.ts","sources":["/Users/Charly/www/dashboard-be/src/app/authentication/authentication.service.ts"],"names":[],"mappings":";;;;;AAAA,6CAAoC;AACpC,kDAA4B;AAG5B;IAAA;IAiBA,CAAC;IAhBO,2CAAW,GAAlB,UAAmB,IAAU;QAC5B,IAAM,MAAM,GAAG,OAAO,CAAC,GAAG,CAAC,UAAU,CAAC;QACtC,IAAM,SAAS,GAAG,gBAAM,EAAE,CAAC,GAAG,CAAC,CAAC,EAAE,MAAM,CAAC,CAAC,IAAI,EAAE,CAAC;QACjD,IAAM,OAAO,GAAY;YACxB,GAAG,EAAE,IAAI,CAAC,GAAG;YACb,IAAI,EAAE;gBACL,GAAG,EAAE,IAAI,CAAC,GAAG;gBACb,IAAI,EAAE,IAAI,CAAC,IAAI;gBACf,KAAK,EAAE,IAAI,CAAC,KAAK;gBACjB,SAAS,EAAE,IAAI,CAAC,SAAS;gBACzB,SAAS,EAAE,IAAI,CAAC,SAAS;aACzB;YACD,SAAS,WAAA;SACT,CAAC;QACF,OAAO,mBAAI,CAAC,OAAO,EAAE,MAAM,EAAE,EAAE,SAAS,WAAA,EAAE,CAAC,CAAC;IAC7C,CAAC;IACF,4BAAC;AAAD,CAAC,AAjBD,IAiBC;AAED,kBAAe,qBAAqB,CAAC","sourcesContent":["import { sign } from 'jsonwebtoken';\nimport moment from 'moment';\nimport { Payload, User } from './../../types/index';\n\nclass AuthenticationService {\n\tpublic createToken(user: User): string {\n\t\tconst secret = process.env.JWT_SECRET;\n\t\tconst expiresIn = moment().add(1, 'hour').unix();\n\t\tconst payload: Payload = {\n\t\t\t_id: user._id,\n\t\t\tuser: {\n\t\t\t\t_id: user._id,\n\t\t\t\tname: user.name,\n\t\t\t\temail: user.email,\n\t\t\t\taddresses: user.addresses,\n\t\t\t\tcreatedAt: user.createdAt,\n\t\t\t},\n\t\t\texpiresIn,\n\t\t};\n\t\treturn sign(payload, secret, { expiresIn });\n\t}\n}\n\nexport default AuthenticationService;\n"]},"_coverageSchema":"1a1c01bbd47fc00a2c39e90264f33305004495a9","hash":"8e88405bca0b5f042c2e2162e37072a3d2e30cbe","contentHash":"431d7ac2e722f3e57fab6c2048e8c34adfe0797ae02faed29873464b5f62249b"},"/Users/Charly/www/dashboard-be/src/app/user/user.controller.ts":{"path":"/Users/Charly/www/dashboard-be/src/app/user/user.controller.ts","statementMap":{"0":{"start":{"line":2,"column":22},"end":{"line":4,"column":1}},"1":{"start":{"line":3,"column":4},"end":{"line":3,"column":62}},"2":{"start":{"line":5,"column":0},"end":{"line":5,"column":62}},"3":{"start":{"line":6,"column":16},"end":{"line":6,"column":34}},"4":{"start":{"line":7,"column":19},"end":{"line":7,"column":69}},"5":{"start":{"line":8,"column":14},"end":{"line":8,"column":50}},"6":{"start":{"line":9,"column":36},"end":{"line":24,"column":3}},"7":{"start":{"line":11,"column":8},"end":{"line":11,"column":29}},"8":{"start":{"line":12,"column":8},"end":{"line":12,"column":41}},"9":{"start":{"line":13,"column":8},"end":{"line":15,"column":10}},"10":{"start":{"line":14,"column":12},"end":{"line":14,"column":48}},"11":{"start":{"line":16,"column":8},"end":{"line":16,"column":31}},"12":{"start":{"line":18,"column":4},"end":{"line":22,"column":6}},"13":{"start":{"line":19,"column":8},"end":{"line":19,"column":53}},"14":{"start":{"line":20,"column":8},"end":{"line":21,"column":59}},"15":{"start":{"line":23,"column":4},"end":{"line":23,"column":26}},"16":{"start":{"line":25,"column":0},"end":{"line":25,"column":33}}},"fnMap":{"0":{"name":"(anonymous_0)","decl":{"start":{"line":2,"column":56},"end":{"line":2,"column":57}},"loc":{"start":{"line":2,"column":71},"end":{"line":4,"column":1}},"line":2},"1":{"name":"(anonymous_1)","decl":{"start":{"line":9,"column":36},"end":{"line":9,"column":37}},"loc":{"start":{"line":9,"column":48},"end":{"line":24,"column":1}},"line":9},"2":{"name":"UserController","decl":{"start":{"line":10,"column":13},"end":{"line":10,"column":27}},"loc":{"start":{"line":10,"column":30},"end":{"line":17,"column":5}},"line":10},"3":{"name":"(anonymous_3)","decl":{"start":{"line":13,"column":27},"end":{"line":13,"column":28}},"loc":{"start":{"line":13,"column":56},"end":{"line":15,"column":9}},"line":13},"4":{"name":"(anonymous_4)","decl":{"start":{"line":18,"column":47},"end":{"line":18,"column":48}},"loc":{"start":{"line":18,"column":59},"end":{"line":22,"column":5}},"line":18}},"branchMap":{"0":{"loc":{"start":{"line":2,"column":22},"end":{"line":4,"column":1}},"type":"binary-expr","locations":[{"start":{"line":2,"column":23},"end":{"line":2,"column":27}},{"start":{"line":2,"column":31},"end":{"line":2,"column":51}},{"start":{"line":2,"column":56},"end":{"line":4,"column":1}}],"line":2},"1":{"loc":{"start":{"line":3,"column":11},"end":{"line":3,"column":61}},"type":"cond-expr","locations":[{"start":{"line":3,"column":37},"end":{"line":3,"column":40}},{"start":{"line":3,"column":43},"end":{"line":3,"column":61}}],"line":3},"2":{"loc":{"start":{"line":3,"column":12},"end":{"line":3,"column":33}},"type":"binary-expr","locations":[{"start":{"line":3,"column":12},"end":{"line":3,"column":15}},{"start":{"line":3,"column":19},"end":{"line":3,"column":33}}],"line":3}},"s":{"0":1,"1":1,"2":1,"3":1,"4":1,"5":1,"6":1,"7":1,"8":1,"9":1,"10":0,"11":1,"12":1,"13":1,"14":1,"15":1,"16":1},"f":{"0":1,"1":1,"2":1,"3":0,"4":1},"b":{"0":[1,1,1],"1":[0,1],"2":[1,1]},"inputSourceMap":{"version":3,"file":"/Users/Charly/www/dashboard-be/src/app/user/user.controller.ts","sources":["/Users/Charly/www/dashboard-be/src/app/user/user.controller.ts"],"names":[],"mappings":";;;;;AAAA,mCAAoD;AAEpD,sEAA2C;AAC3C,mDAA2D;AAE3D;IAIC;QAHO,SAAI,GAAG,QAAQ,CAAC;QAChB,WAAM,GAAG,gBAAM,EAAE,CAAC;QAajB,gBAAW,GAAG,UAAC,OAAgB,EAAE,QAAkB;YAC1D,QAAQ,CAAC,IAAI,CAAC,oBAAK,CAAC,CAAC;QACtB,CAAC,CAAA;QAZA,IAAI,CAAC,eAAe,EAAE,CAAC;IACxB,CAAC;IAEM,wCAAe,GAAtB;QACC,IAAI,CAAC,MAAM,CAAC,GAAG,CAAC,IAAI,CAAC,IAAI,EAAE,IAAI,CAAC,WAAW,CAAC,CAAC;QAC7C,IAAI,CAAC,MAAM;aACT,GAAG,CAAI,IAAI,CAAC,IAAI,OAAI,EAAE,sBAAc,CAAC,CAAC;IACzC,CAAC;IAMF,qBAAC;AAAD,CAAC,AAlBD,IAkBC;AAED,kBAAe,cAAc,CAAC","sourcesContent":["import { Request, Response, Router } from 'express';\nimport IController from 'interfaces/controller.interface';\nimport users from '../../mocks/users.json';\nimport { authMiddleware } from './../../middlewares/index';\n\nclass UserController implements IController {\n\tpublic path = '/users';\n\tpublic router = Router();\n\n\tconstructor() {\n\t\tthis.intializeRoutes();\n\t}\n\n\tpublic intializeRoutes() {\n\t\tthis.router.get(this.path, this.getAllUsers);\n\t\tthis.router\n\t\t\t.all(`${this.path}/*`, authMiddleware);\n\t}\n\n\n\tprivate getAllUsers = (request: Request, response: Response) => {\n\t\tresponse.send(users);\n\t}\n}\n\nexport default UserController;\n"]},"_coverageSchema":"1a1c01bbd47fc00a2c39e90264f33305004495a9","hash":"f4ae357c35950f5495241aa27749a85add8f1554","contentHash":"a2565f5b2ac7867dfc5af80f184f28c26e14be25cd8a7c51b5c2b7f429e03980"},"/Users/Charly/www/dashboard-be/src/utils/validateEnv.ts":{"path":"/Users/Charly/www/dashboard-be/src/utils/validateEnv.ts","statementMap":{"0":{"start":{"line":2,"column":0},"end":{"line":2,"column":62}},"1":{"start":{"line":3,"column":16},"end":{"line":3,"column":34}},"2":{"start":{"line":5,"column":4},"end":{"line":9,"column":7}},"3":{"start":{"line":11,"column":0},"end":{"line":11,"column":30}}},"fnMap":{"0":{"name":"validateEnv","decl":{"start":{"line":4,"column":9},"end":{"line":4,"column":20}},"loc":{"start":{"line":4,"column":23},"end":{"line":10,"column":1}},"line":4}},"branchMap":{},"s":{"0":1,"1":1,"2":1,"3":1},"f":{"0":1},"b":{},"inputSourceMap":{"version":3,"file":"/Users/Charly/www/dashboard-be/src/utils/validateEnv.ts","sources":["/Users/Charly/www/dashboard-be/src/utils/validateEnv.ts"],"names":[],"mappings":";;AAAA,mCAAoD;AAEpD,SAAwB,WAAW;IAClC,kBAAQ,CAAC,OAAO,CAAC,GAAG,EAAE;QACrB,UAAU,EAAE,cAAI,EAAE;QAClB,IAAI,EAAE,cAAI,EAAE;QACZ,UAAU,EAAE,aAAG,EAAE;KACjB,CAAC,CAAC;AACJ,CAAC;AAND,8BAMC","sourcesContent":["import { cleanEnv, str, port, bool } from 'envalid';\n\nexport default function validateEnv() {\n\tcleanEnv(process.env, {\n\t\tPRODUCTION: bool(),\n\t\tPORT: port(),\n\t\tJWT_SECRET: str(),\n\t});\n}\n"]},"_coverageSchema":"1a1c01bbd47fc00a2c39e90264f33305004495a9","hash":"3969ea98a61cefcbe1b29924ffd4eff8550a4c2f","contentHash":"c78f8ce011a6ee959cf09112c118609f0b9930ec2559c87a62d13a4ca35b7544"}}